Date : lundi 7 décembre 2015, 03:14:32 (UTC+0100)
Type : Erreur de suppression du dossier
Dossier : /home/gormson/torrents/tv/Marvel's Agents of S.H.I.E.L.D/Saison 3
___________________________________________________________________________________
Date : lundi 7 décembre 2015, 03:14:32 (UTC+0100)
Type : Erreur de suppression du sous-dossier
Sous-Dossier :  /home/gormson/torrents/tv/Marvel's Agents of S.H.I.E.L.D/Saison 3
___________________________________________________________________________________
Date : lundi 7 décembre 2015, 03:14:32 (UTC+0100)
Type : Erreur de suppression du dossier
Dossier : /home/gormson/torrents/tv/Marvel's Agents of S.H.I.E.L.D
___________________________________________________________________________________
Date : lundi 7 décembre 2015, 03:14:33 (UTC+0100)
Type : Erreur de suppression du dossier
Dossier : /home/xavier/torrents/movie/Southpaw 2015 Multi BluRay 1080p DTS-HD MA 5.1 x264-HD Workshop/extrafanart
___________________________________________________________________________________
Date : lundi 7 décembre 2015, 03:14:33 (UTC+0100)
Type : Erreur de suppression du sous-dossier
Sous-Dossier :  /home/xavier/torrents/movie/Southpaw 2015 Multi BluRay 1080p DTS-HD MA 5.1 x264-HD Workshop/extrafanart
___________________________________________________________________________________
Date : lundi 7 décembre 2015, 03:14:33 (UTC+0100)
Type : Erreur de suppression du dossier
Dossier : /home/xavier/torrents/movie/Southpaw 2015 Multi BluRay 1080p DTS-HD MA 5.1 x264-HD Workshop
___________________________________________________________________________________
Date : lundi 7 décembre 2015, 03:14:33 (UTC+0100)
Type : Erreur de suppression du dossier
Dossier : /home/xavier/torrents/tv/Marco.Polo.2014.S01.FRENCH.720p.WEBRip.x264-AUTHORiTY/Marco.Polo.2014.S01E01.FRENCH.720p.WEBRip.x264-AUTHORiTY
___________________________________________________________________________________
Date : lundi 7 décembre 2015, 03:14:34 (UTC+0100)
Type : Erreur de suppression du sous-dossier
Sous-Dossier :  /home/xavier/torrents/tv/Marco.Polo.2014.S01.FRENCH.720p.WEBRip.x264-AUTHORiTY/Marco.Polo.2014.S01E01.FRENCH.720p.WEBRip.x264-AUTHORiTY
___________________________________________________________________________________
Date : lundi 7 décembre 2015, 03:14:34 (UTC+0100)
Type : Erreur de suppression du dossier
Dossier : /home/xavier/torrents/tv/Marco.Polo.2014.S01.FRENCH.720p.WEBRip.x264-AUTHORiTY/Marco.Polo.2014.S01E02.FRENCH.720p.WEBRip.x264-AUTHORiTY
___________________________________________________________________________________
Date : lundi 7 décembre 2015, 03:14:34 (UTC+0100)
Type : Erreur de suppression du sous-dossier
Sous-Dossier :  /home/xavier/torrents/tv/Marco.Polo.2014.S01.FRENCH.720p.WEBRip.x264-AUTHORiTY/Marco.Polo.2014.S01E02.FRENCH.720p.WEBRip.x264-AUTHORiTY
___________________________________________________________________________________
Date : lundi 7 décembre 2015, 03:14:35 (UTC+0100)
Type : Erreur de suppression du dossier
Dossier : /home/xavier/torrents/tv/Marco.Polo.2014.S01.FRENCH.720p.WEBRip.x264-AUTHORiTY/Marco.Polo.2014.S01E03.FRENCH.720p.WEBRip.x264-AUTHORiTY
___________________________________________________________________________________
Date : lundi 7 décembre 2015, 03:14:35 (UTC+0100)
Type : Erreur de suppression du sous-dossier
Sous-Dossier :  /home/xavier/torrents/tv/Marco.Polo.2014.S01.FRENCH.720p.WEBRip.x264-AUTHORiTY/Marco.Polo.2014.S01E03.FRENCH.720p.WEBRip.x264-AUTHORiTY
___________________________________________________________________________________
Date : lundi 7 décembre 2015, 03:14:35 (UTC+0100)
Type : Erreur de suppression du dossier
Dossier : /home/xavier/torrents/tv/Marco.Polo.2014.S01.FRENCH.720p.WEBRip.x264-AUTHORiTY/Marco.Polo.2014.S01E04.FRENCH.720p.WEBRip.x264-AUTHORiTY
___________________________________________________________________________________
Date : lundi 7 décembre 2015, 03:14:35 (UTC+0100)
Type : Erreur de suppression du sous-dossier
Sous-Dossier :  /home/xavier/torrents/tv/Marco.Polo.2014.S01.FRENCH.720p.WEBRip.x264-AUTHORiTY/Marco.Polo.2014.S01E04.FRENCH.720p.WEBRip.x264-AUTHORiTY
___________________________________________________________________________________
Date : lundi 7 décembre 2015, 03:14:36 (UTC+0100)
Type : Erreur de suppression du dossier
Dossier : /home/xavier/torrents/tv/Marco.Polo.2014.S01.FRENCH.720p.WEBRip.x264-AUTHORiTY/Marco.Polo.2014.S01E05.FRENCH.720p.WEBRip.x264-AUTHORiTY
___________________________________________________________________________________
Date : lundi 7 décembre 2015, 03:14:36 (UTC+0100)
Type : Erreur de suppression du sous-dossier
Sous-Dossier :  /home/xavier/torrents/tv/Marco.Polo.2014.S01.FRENCH.720p.WEBRip.x264-AUTHORiTY/Marco.Polo.2014.S01E05.FRENCH.720p.WEBRip.x264-AUTHORiTY
___________________________________________________________________________________
Date : lundi 7 décembre 2015, 03:14:36 (UTC+0100)
Type : Erreur de suppression du dossier
Dossier : /home/xavier/torrents/tv/Marco.Polo.2014.S01.FRENCH.720p.WEBRip.x264-AUTHORiTY/Marco.Polo.2014.S01E06.FRENCH.720p.WEBRip.x264-AUTHORiTY
___________________________________________________________________________________
Date : lundi 7 décembre 2015, 03:14:36 (UTC+0100)
Type : Erreur de suppression du sous-dossier
Sous-Dossier :  /home/xavier/torrents/tv/Marco.Polo.2014.S01.FRENCH.720p.WEBRip.x264-AUTHORiTY/Marco.Polo.2014.S01E06.FRENCH.720p.WEBRip.x264-AUTHORiTY
___________________________________________________________________________________
Date : lundi 7 décembre 2015, 03:14:37 (UTC+0100)
Type : Erreur de suppression du dossier
Dossier : /home/xavier/torrents/tv/Marco.Polo.2014.S01.FRENCH.720p.WEBRip.x264-AUTHORiTY/Marco.Polo.2014.S01E07.FRENCH.720p.WEBRip.x264-AUTHORiTY
___________________________________________________________________________________
Date : lundi 7 décembre 2015, 03:14:37 (UTC+0100)
Type : Erreur de suppression du sous-dossier
Sous-Dossier :  /home/xavier/torrents/tv/Marco.Polo.2014.S01.FRENCH.720p.WEBRip.x264-AUTHORiTY/Marco.Polo.2014.S01E07.FRENCH.720p.WEBRip.x264-AUTHORiTY
___________________________________________________________________________________
Date : lundi 7 décembre 2015, 03:14:37 (UTC+0100)
Type : Erreur de suppression du dossier
Dossier : /home/xavier/torrents/tv/Marco.Polo.2014.S01.FRENCH.720p.WEBRip.x264-AUTHORiTY/Marco.Polo.2014.S01E08.FRENCH.720p.WEBRip.x264-AUTHORiTY
___________________________________________________________________________________
Date : lundi 7 décembre 2015, 03:14:37 (UTC+0100)
Type : Erreur de suppression du sous-dossier
Sous-Dossier :  /home/xavier/torrents/tv/Marco.Polo.2014.S01.FRENCH.720p.WEBRip.x264-AUTHORiTY/Marco.Polo.2014.S01E08.FRENCH.720p.WEBRip.x264-AUTHORiTY
___________________________________________________________________________________
Date : lundi 7 décembre 2015, 03:14:38 (UTC+0100)
Type : Erreur de suppression du dossier
Dossier : /home/xavier/torrents/tv/Marco.Polo.2014.S01.FRENCH.720p.WEBRip.x264-AUTHORiTY/Marco.Polo.2014.S01E09.FRENCH.720p.WEBRip.x264-AUTHORiTY
___________________________________________________________________________________
Date : lundi 7 décembre 2015, 03:14:38 (UTC+0100)
Type : Erreur de suppression du sous-dossier
Sous-Dossier :  /home/xavier/torrents/tv/Marco.Polo.2014.S01.FRENCH.720p.WEBRip.x264-AUTHORiTY/Marco.Polo.2014.S01E09.FRENCH.720p.WEBRip.x264-AUTHORiTY
___________________________________________________________________________________
Date : lundi 7 décembre 2015, 03:14:38 (UTC+0100)
Type : Erreur de suppression du dossier
Dossier : /home/xavier/torrents/tv/Marco.Polo.2014.S01.FRENCH.720p.WEBRip.x264-AUTHORiTY/Marco.Polo.2014.S01E10.FiNAL.FRENCH.720p.WEBRip.x264-AUTHORiTY
___________________________________________________________________________________
Date : lundi 7 décembre 2015, 03:14:38 (UTC+0100)
Type : Erreur de suppression du sous-dossier
Sous-Dossier :  /home/xavier/torrents/tv/Marco.Polo.2014.S01.FRENCH.720p.WEBRip.x264-AUTHORiTY/Marco.Polo.2014.S01E10.FiNAL.FRENCH.720p.WEBRip.x264-AUTHORiTY
___________________________________________________________________________________
Date : lundi 7 décembre 2015, 03:14:38 (UTC+0100)
Type : Erreur de suppression du dossier
Dossier : /home/xavier/torrents/tv/Marco.Polo.2014.S01.FRENCH.720p.WEBRip.x264-AUTHORiTY
___________________________________________________________________________________
Date : lundi 7 décembre 2015, 03:14:39 (UTC+0100)
Type : Erreur de suppression du dossier
Dossier : /home/xavier/torrents/tv/Vikings.S03E01.TRUEFRENCH.720p.HDTV.x264-LiBERTY/Sample
___________________________________________________________________________________
Date : lundi 7 décembre 2015, 03:14:39 (UTC+0100)
Type : Erreur de suppression du sous-dossier
Sous-Dossier :  /home/xavier/torrents/tv/Vikings.S03E01.TRUEFRENCH.720p.HDTV.x264-LiBERTY/Sample
___________________________________________________________________________________
Date : lundi 7 décembre 2015, 03:14:39 (UTC+0100)
Type : Erreur de suppression du dossier
Dossier : /home/xavier/torrents/tv/Vikings.S03E01.TRUEFRENCH.720p.HDTV.x264-LiBERTY
___________________________________________________________________________________
Date : lundi 7 décembre 2015, 03:14:39 (UTC+0100)
Type : Erreur de suppression du dossier
Dossier : /home/fred/torrents/movie/The.Boxtrolls.2014.TRUEFRENCH.720p.BluRay.x264-LOST
___________________________________________________________________________________
Date : lundi 7 décembre 2015, 03:14:39 (UTC+0100)
Type : Erreur de suppression du fichier
Fichier : /home/fred/torrents/other/Art & Décoration N 506 - Juillet 2015.pdf
___________________________________________________________________________________
Date : lundi 7 décembre 2015, 03:14:40 (UTC+0100)
Type : Erreur de suppression du fichier
Fichier : /home/fred/torrents/other/Capital N 286 - Juillet 2015.pdf
___________________________________________________________________________________
Date : lundi 7 décembre 2015, 03:14:40 (UTC+0100)
Type : Erreur de suppression du fichier
Fichier : /home/fred/torrents/other/Comment ça Marche  N 61 - Juillet 2015.pdf
___________________________________________________________________________________
Date : lundi 7 décembre 2015, 03:14:40 (UTC+0100)
Type : Erreur de suppression du fichier
Fichier : /home/fred/torrents/other/Déco Magazine N 61 - Juillet-Octobre 2015.pdf
___________________________________________________________________________________
Date : lundi 7 décembre 2015, 03:14:40 (UTC+0100)
Type : Erreur de suppression du fichier
Fichier : /home/fred/torrents/other/décormag - Juillet-Aout 2015.pdf
___________________________________________________________________________________
Date : lundi 7 décembre 2015, 03:14:40 (UTC+0100)
Type : Erreur de suppression du fichier
Fichier : /home/fred/torrents/other/Gnomes de Troy - T03 - CBR.cbr
___________________________________________________________________________________
Date : lundi 7 décembre 2015, 03:14:41 (UTC+0100)
Type : Erreur de suppression du dossier
Dossier : /home/fred/torrents/other/Le magicien d'Oz - T1 à 3
___________________________________________________________________________________
Date : lundi 7 décembre 2015, 03:14:42 (UTC+0100)
Type : Erreur de suppression du dossier
Dossier : /home/fred/torrents/other/Les enfants d'ailleurs Tomes 1-5
___________________________________________________________________________________
Date : lundi 7 décembre 2015, 03:14:42 (UTC+0100)
Type : Erreur de suppression du fichier
Fichier : /home/fred/torrents/other/Pêche en Mer Hors-Série No.25 - Mars 2015.pdf
___________________________________________________________________________________
Date : lundi 7 décembre 2015, 03:14:42 (UTC+0100)
Type : Erreur de suppression du fichier
Fichier : /home/fred/torrents/other/Pêche en Mer No.357 - Avril 2015.pdf
___________________________________________________________________________________
Date : lundi 7 décembre 2015, 03:14:42 (UTC+0100)
Type : Erreur de suppression du fichier
Fichier : /home/bacou/torrents/movie/Le Hobbit La bataille des cinq armees (2014) [1080] MULTi BluRay x264-PopHD.mkv
___________________________________________________________________________________
Date : lundi 7 décembre 2015, 03:14:42 (UTC+0100)
Type : Erreur de suppression du fichier
Fichier : /home/bacou/torrents/other/ARTE Documentaire PICASSO, L INVENTAIRE D'UNE VIE TVripHD.mp4
___________________________________________________________________________________
Date : lundi 7 décembre 2015, 03:14:43 (UTC+0100)
Type : Erreur de suppression du fichier
Fichier : /home/bacou/torrents/other/Brel, Brassens, Ferré, trois hommes sur la photo.avi
___________________________________________________________________________________
Date : lundi 7 décembre 2015, 03:14:44 (UTC+0100)
Type : Erreur de suppression du dossier
Dossier : /home/bacou/torrents/other/Hommage à Jean Ferrat - 2010 - TV RIP
___________________________________________________________________________________
Date : lundi 7 décembre 2015, 03:14:44 (UTC+0100)
Type : Erreur de suppression du fichier
Fichier : /home/bacou/torrents/other/Jacques Brel - J'aime les Belges ! 2008 FRENCH DVDRip LegoRayman.VOB
___________________________________________________________________________________
Date : lundi 7 décembre 2015, 03:14:44 (UTC+0100)
Type : Erreur de suppression du fichier
Fichier : /home/bacou/torrents/other/Jupiter Ascending (2015) MULTi-VF2 [1080p] BluRay x264-PopHD (Le Destin de l'univers).mkv
___________________________________________________________________________________
Date : lundi 7 décembre 2015, 03:14:44 (UTC+0100)
Type : Erreur de suppression du dossier
Dossier : /home/bacou/torrents/other/Men of War Vietnam Special Edition MULTi7-PROPHET
___________________________________________________________________________________
Date : lundi 7 décembre 2015, 03:14:45 (UTC+0100)
Type : Erreur de suppression du dossier
Dossier : /home/bacou/torrents/other/Microsoft Windows 7 [Portable] FR-Canada LiveOS v2
___________________________________________________________________________________
Date : lundi 7 décembre 2015, 03:14:45 (UTC+0100)
Type : Erreur de suppression du dossier
Dossier : /home/bacou/torrents/other/Nous nous sommes tant aimés - Jean Ferrat.France 3.TVRIP.XVID
___________________________________________________________________________________
Date : lundi 7 décembre 2015, 03:14:46 (UTC+0100)
Type : Erreur de suppression du dossier
Dossier : /home/bacou/torrents/other/The Story of Adele H
___________________________________________________________________________________
Date : lundi 7 décembre 2015, 03:14:46 (UTC+0100)
Type : Erreur de suppression du dossier
Dossier : /home/bacou/torrents/other/Un soir avec...Le regard de Georges Brassens-doc-french-ripadsl-xvid-Filocamo
___________________________________________________________________________________
Date : lundi 7 décembre 2015, 03:14:47 (UTC+0100)
Type : Erreur de suppression du dossier
Dossier : /home/laurent/torrents/movie/Lucy.2014.TrueFrench.BDrip.x264.AWte@m
___________________________________________________________________________________
Date : lundi 7 décembre 2015, 03:14:47 (UTC+0100)
Type : Erreur de suppression du dossier
Dossier : /home/laurent/torrents/movie/On.a Failli.Etre.Amies.2014.FRENCH.BRRIP.XviD-oo0oo
___________________________________________________________________________________
Date : lundi 7 décembre 2015, 14:24:20 (UTC+0100)
Type : Erreur de suppression du sous-dossier
Sous-Dossier :  /home/gormson/torrents/tv/Marvel's Agents of S.H.I.E.L.D/Saison 3
___________________________________________________________________________________
Date : lundi 7 décembre 2015, 14:24:20 (UTC+0100)
Type : Erreur de suppression du dossier
Dossier : /home/gormson/torrents/tv/Marvel's Agents of S.H.I.E.L.D
___________________________________________________________________________________
Date : lundi 7 décembre 2015, 14:24:20 (UTC+0100)
Type : Erreur de suppression du sous-dossier
Sous-Dossier :  /home/xavier/torrents/movie/Southpaw 2015 Multi BluRay 1080p DTS-HD MA 5.1 x264-HD Workshop/extrafanart
___________________________________________________________________________________
Date : lundi 7 décembre 2015, 14:24:20 (UTC+0100)
Type : Erreur de suppression du dossier
Dossier : /home/xavier/torrents/movie/Southpaw 2015 Multi BluRay 1080p DTS-HD MA 5.1 x264-HD Workshop
___________________________________________________________________________________
Date : lundi 7 décembre 2015, 14:24:20 (UTC+0100)
Type : Erreur de suppression du sous-dossier
Sous-Dossier :  /home/xavier/torrents/tv/Marco.Polo.2014.S01.FRENCH.720p.WEBRip.x264-AUTHORiTY/Marco.Polo.2014.S01E01.FRENCH.720p.WEBRip.x264-AUTHORiTY
___________________________________________________________________________________
Date : lundi 7 décembre 2015, 14:24:20 (UTC+0100)
Type : Erreur de suppression du sous-dossier
Sous-Dossier :  /home/xavier/torrents/tv/Marco.Polo.2014.S01.FRENCH.720p.WEBRip.x264-AUTHORiTY/Marco.Polo.2014.S01E02.FRENCH.720p.WEBRip.x264-AUTHORiTY
___________________________________________________________________________________
Date : lundi 7 décembre 2015, 14:24:21 (UTC+0100)
Type : Erreur de suppression du sous-dossier
Sous-Dossier :  /home/xavier/torrents/tv/Marco.Polo.2014.S01.FRENCH.720p.WEBRip.x264-AUTHORiTY/Marco.Polo.2014.S01E03.FRENCH.720p.WEBRip.x264-AUTHORiTY
___________________________________________________________________________________
Date : lundi 7 décembre 2015, 14:24:21 (UTC+0100)
Type : Erreur de suppression du sous-dossier
Sous-Dossier :  /home/xavier/torrents/tv/Marco.Polo.2014.S01.FRENCH.720p.WEBRip.x264-AUTHORiTY/Marco.Polo.2014.S01E04.FRENCH.720p.WEBRip.x264-AUTHORiTY
___________________________________________________________________________________
Date : lundi 7 décembre 2015, 14:24:21 (UTC+0100)
Type : Erreur de suppression du sous-dossier
Sous-Dossier :  /home/xavier/torrents/tv/Marco.Polo.2014.S01.FRENCH.720p.WEBRip.x264-AUTHORiTY/Marco.Polo.2014.S01E05.FRENCH.720p.WEBRip.x264-AUTHORiTY
___________________________________________________________________________________
Date : lundi 7 décembre 2015, 14:24:21 (UTC+0100)
Type : Erreur de suppression du sous-dossier
Sous-Dossier :  /home/xavier/torrents/tv/Marco.Polo.2014.S01.FRENCH.720p.WEBRip.x264-AUTHORiTY/Marco.Polo.2014.S01E06.FRENCH.720p.WEBRip.x264-AUTHORiTY
___________________________________________________________________________________
Date : lundi 7 décembre 2015, 14:24:22 (UTC+0100)
Type : Erreur de suppression du sous-dossier
Sous-Dossier :  /home/xavier/torrents/tv/Marco.Polo.2014.S01.FRENCH.720p.WEBRip.x264-AUTHORiTY/Marco.Polo.2014.S01E07.FRENCH.720p.WEBRip.x264-AUTHORiTY
___________________________________________________________________________________
Date : lundi 7 décembre 2015, 14:24:22 (UTC+0100)
Type : Erreur de suppression du sous-dossier
Sous-Dossier :  /home/xavier/torrents/tv/Marco.Polo.2014.S01.FRENCH.720p.WEBRip.x264-AUTHORiTY/Marco.Polo.2014.S01E08.FRENCH.720p.WEBRip.x264-AUTHORiTY
___________________________________________________________________________________
Date : lundi 7 décembre 2015, 14:24:22 (UTC+0100)
Type : Erreur de suppression du sous-dossier
Sous-Dossier :  /home/xavier/torrents/tv/Marco.Polo.2014.S01.FRENCH.720p.WEBRip.x264-AUTHORiTY/Marco.Polo.2014.S01E09.FRENCH.720p.WEBRip.x264-AUTHORiTY
___________________________________________________________________________________
Date : lundi 7 décembre 2015, 14:24:22 (UTC+0100)
Type : Erreur de suppression du sous-dossier
Sous-Dossier :  /home/xavier/torrents/tv/Marco.Polo.2014.S01.FRENCH.720p.WEBRip.x264-AUTHORiTY/Marco.Polo.2014.S01E10.FiNAL.FRENCH.720p.WEBRip.x264-AUTHORiTY
___________________________________________________________________________________
Date : lundi 7 décembre 2015, 14:24:22 (UTC+0100)
Type : Erreur de suppression du dossier
Dossier : /home/xavier/torrents/tv/Marco.Polo.2014.S01.FRENCH.720p.WEBRip.x264-AUTHORiTY
___________________________________________________________________________________
Date : lundi 7 décembre 2015, 14:24:22 (UTC+0100)
Type : Erreur de suppression du sous-dossier
Sous-Dossier :  /home/xavier/torrents/tv/Vikings.S03E01.TRUEFRENCH.720p.HDTV.x264-LiBERTY/Sample
___________________________________________________________________________________
Date : lundi 7 décembre 2015, 14:24:22 (UTC+0100)
Type : Erreur de suppression du dossier
Dossier : /home/xavier/torrents/tv/Vikings.S03E01.TRUEFRENCH.720p.HDTV.x264-LiBERTY
___________________________________________________________________________________
Date : lundi 7 décembre 2015, 14:24:23 (UTC+0100)
Type : Erreur de suppression du dossier
Dossier : /home/fred/torrents/movie/The.Boxtrolls.2014.TRUEFRENCH.720p.BluRay.x264-LOST
___________________________________________________________________________________
Date : lundi 7 décembre 2015, 14:24:23 (UTC+0100)
Type : Erreur de suppression du fichier
Fichier : /home/fred/torrents/other/Art & Décoration N 506 - Juillet 2015.pdf
___________________________________________________________________________________
Date : lundi 7 décembre 2015, 14:24:23 (UTC+0100)
Type : Erreur de suppression du fichier
Fichier : /home/fred/torrents/other/Capital N 286 - Juillet 2015.pdf
___________________________________________________________________________________
Date : lundi 7 décembre 2015, 14:24:24 (UTC+0100)
Type : Erreur de suppression du fichier
Fichier : /home/fred/torrents/other/Comment ça Marche  N 61 - Juillet 2015.pdf
___________________________________________________________________________________
Date : lundi 7 décembre 2015, 14:24:24 (UTC+0100)
Type : Erreur de suppression du fichier
Fichier : /home/fred/torrents/other/Déco Magazine N 61 - Juillet-Octobre 2015.pdf
___________________________________________________________________________________
Date : lundi 7 décembre 2015, 14:24:24 (UTC+0100)
Type : Erreur de suppression du fichier
Fichier : /home/fred/torrents/other/décormag - Juillet-Aout 2015.pdf
___________________________________________________________________________________
Date : lundi 7 décembre 2015, 14:24:24 (UTC+0100)
Type : Erreur de suppression du fichier
Fichier : /home/fred/torrents/other/Gnomes de Troy - T03 - CBR.cbr
___________________________________________________________________________________
Date : lundi 7 décembre 2015, 14:24:25 (UTC+0100)
Type : Erreur de suppression du dossier
Dossier : /home/fred/torrents/other/Le magicien d'Oz - T1 à 3
___________________________________________________________________________________
Date : lundi 7 décembre 2015, 14:24:25 (UTC+0100)
Type : Erreur de suppression du dossier
Dossier : /home/fred/torrents/other/Les enfants d'ailleurs Tomes 1-5
___________________________________________________________________________________
Date : lundi 7 décembre 2015, 14:24:26 (UTC+0100)
Type : Erreur de suppression du fichier
Fichier : /home/fred/torrents/other/Pêche en Mer Hors-Série No.25 - Mars 2015.pdf
___________________________________________________________________________________
Date : lundi 7 décembre 2015, 14:24:26 (UTC+0100)
Type : Erreur de suppression du fichier
Fichier : /home/fred/torrents/other/Pêche en Mer No.357 - Avril 2015.pdf
___________________________________________________________________________________
Date : lundi 7 décembre 2015, 14:24:26 (UTC+0100)
Type : Erreur de suppression du fichier
Fichier : /home/bacou/torrents/movie/Le Hobbit La bataille des cinq armees (2014) [1080] MULTi BluRay x264-PopHD.mkv
___________________________________________________________________________________
Date : lundi 7 décembre 2015, 14:24:26 (UTC+0100)
Type : Erreur de suppression du fichier
Fichier : /home/bacou/torrents/other/ARTE Documentaire PICASSO, L INVENTAIRE D'UNE VIE TVripHD.mp4
___________________________________________________________________________________
Date : lundi 7 décembre 2015, 14:24:26 (UTC+0100)
Type : Erreur de suppression du fichier
Fichier : /home/bacou/torrents/other/Brel, Brassens, Ferré, trois hommes sur la photo.avi
___________________________________________________________________________________
Date : lundi 7 décembre 2015, 14:24:27 (UTC+0100)
Type : Erreur de suppression du dossier
Dossier : /home/bacou/torrents/other/Hommage à Jean Ferrat - 2010 - TV RIP
___________________________________________________________________________________
Date : lundi 7 décembre 2015, 14:24:27 (UTC+0100)
Type : Erreur de suppression du fichier
Fichier : /home/bacou/torrents/other/Jacques Brel - J'aime les Belges ! 2008 FRENCH DVDRip LegoRayman.VOB
___________________________________________________________________________________
Date : lundi 7 décembre 2015, 14:24:28 (UTC+0100)
Type : Erreur de suppression du fichier
Fichier : /home/bacou/torrents/other/Jupiter Ascending (2015) MULTi-VF2 [1080p] BluRay x264-PopHD (Le Destin de l'univers).mkv
___________________________________________________________________________________
Date : lundi 7 décembre 2015, 14:24:28 (UTC+0100)
Type : Erreur de suppression du dossier
Dossier : /home/bacou/torrents/other/Men of War Vietnam Special Edition MULTi7-PROPHET
___________________________________________________________________________________
Date : lundi 7 décembre 2015, 14:24:29 (UTC+0100)
Type : Erreur de suppression du dossier
Dossier : /home/bacou/torrents/other/Microsoft Windows 7 [Portable] FR-Canada LiveOS v2
___________________________________________________________________________________
Date : lundi 7 décembre 2015, 14:24:29 (UTC+0100)
Type : Erreur de suppression du dossier
Dossier : /home/bacou/torrents/other/Nous nous sommes tant aimés - Jean Ferrat.France 3.TVRIP.XVID
___________________________________________________________________________________
Date : lundi 7 décembre 2015, 14:24:30 (UTC+0100)
Type : Erreur de suppression du dossier
Dossier : /home/bacou/torrents/other/The Story of Adele H
___________________________________________________________________________________
Date : lundi 7 décembre 2015, 14:24:30 (UTC+0100)
Type : Erreur de suppression du dossier
Dossier : /home/bacou/torrents/other/Un soir avec...Le regard de Georges Brassens-doc-french-ripadsl-xvid-Filocamo
___________________________________________________________________________________
Date : lundi 7 décembre 2015, 14:24:30 (UTC+0100)
Type : Erreur de suppression du dossier
Dossier : /home/laurent/torrents/movie/Lucy.2014.TrueFrench.BDrip.x264.AWte@m
___________________________________________________________________________________
Date : lundi 7 décembre 2015, 14:24:31 (UTC+0100)
Type : Erreur de suppression du dossier
Dossier : /home/laurent/torrents/movie/On.a Failli.Etre.Amies.2014.FRENCH.BRRIP.XviD-oo0oo
___________________________________________________________________________________
Date : lundi 7 décembre 2015, 14:25:24 (UTC+0100)
Type : Erreur de suppression du dossier
Dossier : /home/gormson/torrents/tv/Marvel's Agents of S.H.I.E.L.D/Saison 3
___________________________________________________________________________________
Date : lundi 7 décembre 2015, 14:25:24 (UTC+0100)
Type : Erreur de suppression du sous-dossier
Sous-Dossier :  /home/gormson/torrents/tv/Marvel's Agents of S.H.I.E.L.D/Saison 3
___________________________________________________________________________________
Date : lundi 7 décembre 2015, 14:25:24 (UTC+0100)
Type : Erreur de suppression du dossier
Dossier : /home/gormson/torrents/tv/Marvel's Agents of S.H.I.E.L.D
___________________________________________________________________________________
Date : lundi 7 décembre 2015, 14:25:25 (UTC+0100)
Type : Erreur de suppression du dossier
Dossier : /home/xavier/torrents/movie/Southpaw 2015 Multi BluRay 1080p DTS-HD MA 5.1 x264-HD Workshop/extrafanart
___________________________________________________________________________________
Date : lundi 7 décembre 2015, 14:25:25 (UTC+0100)
Type : Erreur de suppression du sous-dossier
Sous-Dossier :  /home/xavier/torrents/movie/Southpaw 2015 Multi BluRay 1080p DTS-HD MA 5.1 x264-HD Workshop/extrafanart
___________________________________________________________________________________
Date : lundi 7 décembre 2015, 14:25:25 (UTC+0100)
Type : Erreur de suppression du dossier
Dossier : /home/xavier/torrents/movie/Southpaw 2015 Multi BluRay 1080p DTS-HD MA 5.1 x264-HD Workshop
___________________________________________________________________________________
Date : lundi 7 décembre 2015, 14:25:25 (UTC+0100)
Type : Erreur de suppression du dossier
Dossier : /home/xavier/torrents/tv/Marco.Polo.2014.S01.FRENCH.720p.WEBRip.x264-AUTHORiTY/Marco.Polo.2014.S01E01.FRENCH.720p.WEBRip.x264-AUTHORiTY
___________________________________________________________________________________
Date : lundi 7 décembre 2015, 14:25:25 (UTC+0100)
Type : Erreur de suppression du sous-dossier
Sous-Dossier :  /home/xavier/torrents/tv/Marco.Polo.2014.S01.FRENCH.720p.WEBRip.x264-AUTHORiTY/Marco.Polo.2014.S01E01.FRENCH.720p.WEBRip.x264-AUTHORiTY
___________________________________________________________________________________
Date : lundi 7 décembre 2015, 14:25:26 (UTC+0100)
Type : Erreur de suppression du dossier
Dossier : /home/xavier/torrents/tv/Marco.Polo.2014.S01.FRENCH.720p.WEBRip.x264-AUTHORiTY/Marco.Polo.2014.S01E02.FRENCH.720p.WEBRip.x264-AUTHORiTY
___________________________________________________________________________________
Date : lundi 7 décembre 2015, 14:25:26 (UTC+0100)
Type : Erreur de suppression du sous-dossier
Sous-Dossier :  /home/xavier/torrents/tv/Marco.Polo.2014.S01.FRENCH.720p.WEBRip.x264-AUTHORiTY/Marco.Polo.2014.S01E02.FRENCH.720p.WEBRip.x264-AUTHORiTY
___________________________________________________________________________________
Date : lundi 7 décembre 2015, 14:25:26 (UTC+0100)
Type : Erreur de suppression du dossier
Dossier : /home/xavier/torrents/tv/Marco.Polo.2014.S01.FRENCH.720p.WEBRip.x264-AUTHORiTY/Marco.Polo.2014.S01E03.FRENCH.720p.WEBRip.x264-AUTHORiTY
___________________________________________________________________________________
Date : lundi 7 décembre 2015, 14:25:26 (UTC+0100)
Type : Erreur de suppression du sous-dossier
Sous-Dossier :  /home/xavier/torrents/tv/Marco.Polo.2014.S01.FRENCH.720p.WEBRip.x264-AUTHORiTY/Marco.Polo.2014.S01E03.FRENCH.720p.WEBRip.x264-AUTHORiTY
___________________________________________________________________________________
Date : lundi 7 décembre 2015, 14:25:27 (UTC+0100)
Type : Erreur de suppression du dossier
Dossier : /home/xavier/torrents/tv/Marco.Polo.2014.S01.FRENCH.720p.WEBRip.x264-AUTHORiTY/Marco.Polo.2014.S01E04.FRENCH.720p.WEBRip.x264-AUTHORiTY
___________________________________________________________________________________
Date : lundi 7 décembre 2015, 14:25:27 (UTC+0100)
Type : Erreur de suppression du sous-dossier
Sous-Dossier :  /home/xavier/torrents/tv/Marco.Polo.2014.S01.FRENCH.720p.WEBRip.x264-AUTHORiTY/Marco.Polo.2014.S01E04.FRENCH.720p.WEBRip.x264-AUTHORiTY
___________________________________________________________________________________
Date : lundi 7 décembre 2015, 14:25:27 (UTC+0100)
Type : Erreur de suppression du dossier
Dossier : /home/xavier/torrents/tv/Marco.Polo.2014.S01.FRENCH.720p.WEBRip.x264-AUTHORiTY/Marco.Polo.2014.S01E05.FRENCH.720p.WEBRip.x264-AUTHORiTY
___________________________________________________________________________________
Date : lundi 7 décembre 2015, 14:25:27 (UTC+0100)
Type : Erreur de suppression du sous-dossier
Sous-Dossier :  /home/xavier/torrents/tv/Marco.Polo.2014.S01.FRENCH.720p.WEBRip.x264-AUTHORiTY/Marco.Polo.2014.S01E05.FRENCH.720p.WEBRip.x264-AUTHORiTY
___________________________________________________________________________________
Date : lundi 7 décembre 2015, 14:25:28 (UTC+0100)
Type : Erreur de suppression du dossier
Dossier : /home/xavier/torrents/tv/Marco.Polo.2014.S01.FRENCH.720p.WEBRip.x264-AUTHORiTY/Marco.Polo.2014.S01E06.FRENCH.720p.WEBRip.x264-AUTHORiTY
___________________________________________________________________________________
Date : lundi 7 décembre 2015, 14:25:28 (UTC+0100)
Type : Erreur de suppression du sous-dossier
Sous-Dossier :  /home/xavier/torrents/tv/Marco.Polo.2014.S01.FRENCH.720p.WEBRip.x264-AUTHORiTY/Marco.Polo.2014.S01E06.FRENCH.720p.WEBRip.x264-AUTHORiTY
___________________________________________________________________________________
Date : lundi 7 décembre 2015, 14:25:28 (UTC+0100)
Type : Erreur de suppression du dossier
Dossier : /home/xavier/torrents/tv/Marco.Polo.2014.S01.FRENCH.720p.WEBRip.x264-AUTHORiTY/Marco.Polo.2014.S01E07.FRENCH.720p.WEBRip.x264-AUTHORiTY
___________________________________________________________________________________
Date : lundi 7 décembre 2015, 14:25:28 (UTC+0100)
Type : Erreur de suppression du sous-dossier
Sous-Dossier :  /home/xavier/torrents/tv/Marco.Polo.2014.S01.FRENCH.720p.WEBRip.x264-AUTHORiTY/Marco.Polo.2014.S01E07.FRENCH.720p.WEBRip.x264-AUTHORiTY
___________________________________________________________________________________
Date : lundi 7 décembre 2015, 14:25:29 (UTC+0100)
Type : Erreur de suppression du dossier
Dossier : /home/xavier/torrents/tv/Marco.Polo.2014.S01.FRENCH.720p.WEBRip.x264-AUTHORiTY/Marco.Polo.2014.S01E08.FRENCH.720p.WEBRip.x264-AUTHORiTY
___________________________________________________________________________________
Date : lundi 7 décembre 2015, 14:25:29 (UTC+0100)
Type : Erreur de suppression du sous-dossier
Sous-Dossier :  /home/xavier/torrents/tv/Marco.Polo.2014.S01.FRENCH.720p.WEBRip.x264-AUTHORiTY/Marco.Polo.2014.S01E08.FRENCH.720p.WEBRip.x264-AUTHORiTY
___________________________________________________________________________________
Date : lundi 7 décembre 2015, 14:25:29 (UTC+0100)
Type : Erreur de suppression du dossier
Dossier : /home/xavier/torrents/tv/Marco.Polo.2014.S01.FRENCH.720p.WEBRip.x264-AUTHORiTY/Marco.Polo.2014.S01E09.FRENCH.720p.WEBRip.x264-AUTHORiTY
___________________________________________________________________________________
Date : lundi 7 décembre 2015, 14:25:29 (UTC+0100)
Type : Erreur de suppression du sous-dossier
Sous-Dossier :  /home/xavier/torrents/tv/Marco.Polo.2014.S01.FRENCH.720p.WEBRip.x264-AUTHORiTY/Marco.Polo.2014.S01E09.FRENCH.720p.WEBRip.x264-AUTHORiTY
___________________________________________________________________________________
Date : lundi 7 décembre 2015, 14:25:30 (UTC+0100)
Type : Erreur de suppression du dossier
Dossier : /home/xavier/torrents/tv/Marco.Polo.2014.S01.FRENCH.720p.WEBRip.x264-AUTHORiTY/Marco.Polo.2014.S01E10.FiNAL.FRENCH.720p.WEBRip.x264-AUTHORiTY
___________________________________________________________________________________
Date : lundi 7 décembre 2015, 14:25:30 (UTC+0100)
Type : Erreur de suppression du sous-dossier
Sous-Dossier :  /home/xavier/torrents/tv/Marco.Polo.2014.S01.FRENCH.720p.WEBRip.x264-AUTHORiTY/Marco.Polo.2014.S01E10.FiNAL.FRENCH.720p.WEBRip.x264-AUTHORiTY
___________________________________________________________________________________
Date : lundi 7 décembre 2015, 14:25:30 (UTC+0100)
Type : Erreur de suppression du dossier
Dossier : /home/xavier/torrents/tv/Marco.Polo.2014.S01.FRENCH.720p.WEBRip.x264-AUTHORiTY
___________________________________________________________________________________
Date : lundi 7 décembre 2015, 14:25:30 (UTC+0100)
Type : Erreur de suppression du dossier
Dossier : /home/xavier/torrents/tv/Vikings.S03E01.TRUEFRENCH.720p.HDTV.x264-LiBERTY/Sample
___________________________________________________________________________________
Date : lundi 7 décembre 2015, 14:25:30 (UTC+0100)
Type : Erreur de suppression du sous-dossier
Sous-Dossier :  /home/xavier/torrents/tv/Vikings.S03E01.TRUEFRENCH.720p.HDTV.x264-LiBERTY/Sample
___________________________________________________________________________________
Date : lundi 7 décembre 2015, 14:25:30 (UTC+0100)
Type : Erreur de suppression du dossier
Dossier : /home/xavier/torrents/tv/Vikings.S03E01.TRUEFRENCH.720p.HDTV.x264-LiBERTY
___________________________________________________________________________________
Date : lundi 7 décembre 2015, 14:25:31 (UTC+0100)
Type : Erreur de suppression du dossier
Dossier : /home/fred/torrents/movie/The.Boxtrolls.2014.TRUEFRENCH.720p.BluRay.x264-LOST
___________________________________________________________________________________
Date : lundi 7 décembre 2015, 14:25:31 (UTC+0100)
Type : Erreur de suppression du fichier
Fichier : /home/fred/torrents/other/Art & Décoration N 506 - Juillet 2015.pdf
___________________________________________________________________________________
Date : lundi 7 décembre 2015, 14:25:31 (UTC+0100)
Type : Erreur de suppression du fichier
Fichier : /home/fred/torrents/other/Capital N 286 - Juillet 2015.pdf
___________________________________________________________________________________
Date : lundi 7 décembre 2015, 14:25:31 (UTC+0100)
Type : Erreur de suppression du fichier
Fichier : /home/fred/torrents/other/Comment ça Marche  N 61 - Juillet 2015.pdf
___________________________________________________________________________________
Date : lundi 7 décembre 2015, 14:25:32 (UTC+0100)
Type : Erreur de suppression du fichier
Fichier : /home/fred/torrents/other/Déco Magazine N 61 - Juillet-Octobre 2015.pdf
___________________________________________________________________________________
Date : lundi 7 décembre 2015, 14:25:32 (UTC+0100)
Type : Erreur de suppression du fichier
Fichier : /home/fred/torrents/other/décormag - Juillet-Aout 2015.pdf
___________________________________________________________________________________
Date : lundi 7 décembre 2015, 14:25:32 (UTC+0100)
Type : Erreur de suppression du fichier
Fichier : /home/fred/torrents/other/Gnomes de Troy - T03 - CBR.cbr
___________________________________________________________________________________
Date : lundi 7 décembre 2015, 14:25:32 (UTC+0100)
Type : Erreur de suppression du dossier
Dossier : /home/fred/torrents/other/Le magicien d'Oz - T1 à 3
___________________________________________________________________________________
Date : lundi 7 décembre 2015, 14:25:33 (UTC+0100)
Type : Erreur de suppression du dossier
Dossier : /home/fred/torrents/other/Les enfants d'ailleurs Tomes 1-5
___________________________________________________________________________________
Date : lundi 7 décembre 2015, 14:25:33 (UTC+0100)
Type : Erreur de suppression du fichier
Fichier : /home/fred/torrents/other/Pêche en Mer Hors-Série No.25 - Mars 2015.pdf
___________________________________________________________________________________
Date : lundi 7 décembre 2015, 14:25:34 (UTC+0100)
Type : Erreur de suppression du fichier
Fichier : /home/fred/torrents/other/Pêche en Mer No.357 - Avril 2015.pdf
___________________________________________________________________________________
Date : lundi 7 décembre 2015, 14:25:34 (UTC+0100)
Type : Erreur de suppression du fichier
Fichier : /home/bacou/torrents/movie/Le Hobbit La bataille des cinq armees (2014) [1080] MULTi BluRay x264-PopHD.mkv
___________________________________________________________________________________
Date : lundi 7 décembre 2015, 14:25:34 (UTC+0100)
Type : Erreur de suppression du fichier
Fichier : /home/bacou/torrents/other/ARTE Documentaire PICASSO, L INVENTAIRE D'UNE VIE TVripHD.mp4
___________________________________________________________________________________
Date : lundi 7 décembre 2015, 14:25:34 (UTC+0100)
Type : Erreur de suppression du fichier
Fichier : /home/bacou/torrents/other/Brel, Brassens, Ferré, trois hommes sur la photo.avi
___________________________________________________________________________________
Date : lundi 7 décembre 2015, 14:25:35 (UTC+0100)
Type : Erreur de suppression du dossier
Dossier : /home/bacou/torrents/other/Hommage à Jean Ferrat - 2010 - TV RIP
___________________________________________________________________________________
Date : lundi 7 décembre 2015, 14:25:35 (UTC+0100)
Type : Erreur de suppression du fichier
Fichier : /home/bacou/torrents/other/Jacques Brel - J'aime les Belges ! 2008 FRENCH DVDRip LegoRayman.VOB
___________________________________________________________________________________
Date : lundi 7 décembre 2015, 14:25:35 (UTC+0100)
Type : Erreur de suppression du fichier
Fichier : /home/bacou/torrents/other/Jupiter Ascending (2015) MULTi-VF2 [1080p] BluRay x264-PopHD (Le Destin de l'univers).mkv
___________________________________________________________________________________
Date : lundi 7 décembre 2015, 14:25:36 (UTC+0100)
Type : Erreur de suppression du dossier
Dossier : /home/bacou/torrents/other/Men of War Vietnam Special Edition MULTi7-PROPHET
___________________________________________________________________________________
Date : lundi 7 décembre 2015, 14:25:37 (UTC+0100)
Type : Erreur de suppression du dossier
Dossier : /home/bacou/torrents/other/Microsoft Windows 7 [Portable] FR-Canada LiveOS v2
___________________________________________________________________________________
Date : lundi 7 décembre 2015, 14:25:37 (UTC+0100)
Type : Erreur de suppression du dossier
Dossier : /home/bacou/torrents/other/Nous nous sommes tant aimés - Jean Ferrat.France 3.TVRIP.XVID
___________________________________________________________________________________
Date : lundi 7 décembre 2015, 14:25:37 (UTC+0100)
Type : Erreur de suppression du dossier
Dossier : /home/bacou/torrents/other/The Story of Adele H
___________________________________________________________________________________
Date : lundi 7 décembre 2015, 14:25:38 (UTC+0100)
Type : Erreur de suppression du dossier
Dossier : /home/bacou/torrents/other/Un soir avec...Le regard de Georges Brassens-doc-french-ripadsl-xvid-Filocamo
___________________________________________________________________________________
Date : lundi 7 décembre 2015, 14:25:38 (UTC+0100)
Type : Erreur de suppression du dossier
Dossier : /home/laurent/torrents/movie/Lucy.2014.TrueFrench.BDrip.x264.AWte@m
___________________________________________________________________________________
Date : lundi 7 décembre 2015, 14:25:38 (UTC+0100)
Type : Erreur de suppression du dossier
Dossier : /home/laurent/torrents/movie/On.a Failli.Etre.Amies.2014.FRENCH.BRRIP.XviD-oo0oo
___________________________________________________________________________________
Date : lundi 7 décembre 2015, 14:27:09 (UTC+0100)
Type : Erreur de suppression du dossier
Dossier : /home/gormson/torrents/tv/Marvel's Agents of S.H.I.E.L.D/Saison 3
___________________________________________________________________________________
Date : lundi 7 décembre 2015, 14:27:09 (UTC+0100)
Type : Erreur de suppression du sous-dossier
Sous-Dossier :  /home/gormson/torrents/tv/Marvel's Agents of S.H.I.E.L.D/Saison 3
___________________________________________________________________________________
Date : lundi 7 décembre 2015, 14:27:09 (UTC+0100)
Type : Erreur de suppression du dossier
Dossier : /home/gormson/torrents/tv/Marvel's Agents of S.H.I.E.L.D
___________________________________________________________________________________
Date : lundi 7 décembre 2015, 14:27:10 (UTC+0100)
Type : Erreur de suppression du dossier
Dossier : /home/xavier/torrents/movie/Southpaw 2015 Multi BluRay 1080p DTS-HD MA 5.1 x264-HD Workshop/extrafanart
___________________________________________________________________________________
Date : lundi 7 décembre 2015, 14:27:10 (UTC+0100)
Type : Erreur de suppression du sous-dossier
Sous-Dossier :  /home/xavier/torrents/movie/Southpaw 2015 Multi BluRay 1080p DTS-HD MA 5.1 x264-HD Workshop/extrafanart
___________________________________________________________________________________
Date : lundi 7 décembre 2015, 14:27:10 (UTC+0100)
Type : Erreur de suppression du dossier
Dossier : /home/xavier/torrents/movie/Southpaw 2015 Multi BluRay 1080p DTS-HD MA 5.1 x264-HD Workshop
___________________________________________________________________________________
Date : lundi 7 décembre 2015, 14:27:11 (UTC+0100)
Type : Erreur de suppression du dossier
Dossier : /home/xavier/torrents/tv/Marco.Polo.2014.S01.FRENCH.720p.WEBRip.x264-AUTHORiTY/Marco.Polo.2014.S01E01.FRENCH.720p.WEBRip.x264-AUTHORiTY
___________________________________________________________________________________
Date : lundi 7 décembre 2015, 14:27:11 (UTC+0100)
Type : Erreur de suppression du sous-dossier
Sous-Dossier :  /home/xavier/torrents/tv/Marco.Polo.2014.S01.FRENCH.720p.WEBRip.x264-AUTHORiTY/Marco.Polo.2014.S01E01.FRENCH.720p.WEBRip.x264-AUTHORiTY
___________________________________________________________________________________
Date : lundi 7 décembre 2015, 14:27:11 (UTC+0100)
Type : Erreur de suppression du dossier
Dossier : /home/xavier/torrents/tv/Marco.Polo.2014.S01.FRENCH.720p.WEBRip.x264-AUTHORiTY/Marco.Polo.2014.S01E02.FRENCH.720p.WEBRip.x264-AUTHORiTY
___________________________________________________________________________________
Date : lundi 7 décembre 2015, 14:27:11 (UTC+0100)
Type : Erreur de suppression du sous-dossier
Sous-Dossier :  /home/xavier/torrents/tv/Marco.Polo.2014.S01.FRENCH.720p.WEBRip.x264-AUTHORiTY/Marco.Polo.2014.S01E02.FRENCH.720p.WEBRip.x264-AUTHORiTY
___________________________________________________________________________________
Date : lundi 7 décembre 2015, 14:27:12 (UTC+0100)
Type : Erreur de suppression du dossier
Dossier : /home/xavier/torrents/tv/Marco.Polo.2014.S01.FRENCH.720p.WEBRip.x264-AUTHORiTY/Marco.Polo.2014.S01E03.FRENCH.720p.WEBRip.x264-AUTHORiTY
___________________________________________________________________________________
Date : lundi 7 décembre 2015, 14:27:12 (UTC+0100)
Type : Erreur de suppression du sous-dossier
Sous-Dossier :  /home/xavier/torrents/tv/Marco.Polo.2014.S01.FRENCH.720p.WEBRip.x264-AUTHORiTY/Marco.Polo.2014.S01E03.FRENCH.720p.WEBRip.x264-AUTHORiTY
___________________________________________________________________________________
Date : lundi 7 décembre 2015, 14:27:12 (UTC+0100)
Type : Erreur de suppression du dossier
Dossier : /home/xavier/torrents/tv/Marco.Polo.2014.S01.FRENCH.720p.WEBRip.x264-AUTHORiTY/Marco.Polo.2014.S01E04.FRENCH.720p.WEBRip.x264-AUTHORiTY
___________________________________________________________________________________
Date : lundi 7 décembre 2015, 14:27:12 (UTC+0100)
Type : Erreur de suppression du sous-dossier
Sous-Dossier :  /home/xavier/torrents/tv/Marco.Polo.2014.S01.FRENCH.720p.WEBRip.x264-AUTHORiTY/Marco.Polo.2014.S01E04.FRENCH.720p.WEBRip.x264-AUTHORiTY
___________________________________________________________________________________
Date : lundi 7 décembre 2015, 14:27:13 (UTC+0100)
Type : Erreur de suppression du dossier
Dossier : /home/xavier/torrents/tv/Marco.Polo.2014.S01.FRENCH.720p.WEBRip.x264-AUTHORiTY/Marco.Polo.2014.S01E05.FRENCH.720p.WEBRip.x264-AUTHORiTY
___________________________________________________________________________________
Date : lundi 7 décembre 2015, 14:27:13 (UTC+0100)
Type : Erreur de suppression du sous-dossier
Sous-Dossier :  /home/xavier/torrents/tv/Marco.Polo.2014.S01.FRENCH.720p.WEBRip.x264-AUTHORiTY/Marco.Polo.2014.S01E05.FRENCH.720p.WEBRip.x264-AUTHORiTY
___________________________________________________________________________________
Date : lundi 7 décembre 2015, 14:27:13 (UTC+0100)
Type : Erreur de suppression du dossier
Dossier : /home/xavier/torrents/tv/Marco.Polo.2014.S01.FRENCH.720p.WEBRip.x264-AUTHORiTY/Marco.Polo.2014.S01E06.FRENCH.720p.WEBRip.x264-AUTHORiTY
___________________________________________________________________________________
Date : lundi 7 décembre 2015, 14:27:13 (UTC+0100)
Type : Erreur de suppression du sous-dossier
Sous-Dossier :  /home/xavier/torrents/tv/Marco.Polo.2014.S01.FRENCH.720p.WEBRip.x264-AUTHORiTY/Marco.Polo.2014.S01E06.FRENCH.720p.WEBRip.x264-AUTHORiTY
___________________________________________________________________________________
Date : lundi 7 décembre 2015, 14:27:14 (UTC+0100)
Type : Erreur de suppression du dossier
Dossier : /home/xavier/torrents/tv/Marco.Polo.2014.S01.FRENCH.720p.WEBRip.x264-AUTHORiTY/Marco.Polo.2014.S01E07.FRENCH.720p.WEBRip.x264-AUTHORiTY
___________________________________________________________________________________
Date : lundi 7 décembre 2015, 14:27:14 (UTC+0100)
Type : Erreur de suppression du sous-dossier
Sous-Dossier :  /home/xavier/torrents/tv/Marco.Polo.2014.S01.FRENCH.720p.WEBRip.x264-AUTHORiTY/Marco.Polo.2014.S01E07.FRENCH.720p.WEBRip.x264-AUTHORiTY
___________________________________________________________________________________
Date : lundi 7 décembre 2015, 14:27:14 (UTC+0100)
Type : Erreur de suppression du dossier
Dossier : /home/xavier/torrents/tv/Marco.Polo.2014.S01.FRENCH.720p.WEBRip.x264-AUTHORiTY/Marco.Polo.2014.S01E08.FRENCH.720p.WEBRip.x264-AUTHORiTY
___________________________________________________________________________________
Date : lundi 7 décembre 2015, 14:27:14 (UTC+0100)
Type : Erreur de suppression du sous-dossier
Sous-Dossier :  /home/xavier/torrents/tv/Marco.Polo.2014.S01.FRENCH.720p.WEBRip.x264-AUTHORiTY/Marco.Polo.2014.S01E08.FRENCH.720p.WEBRip.x264-AUTHORiTY
___________________________________________________________________________________
Date : lundi 7 décembre 2015, 14:27:15 (UTC+0100)
Type : Erreur de suppression du dossier
Dossier : /home/xavier/torrents/tv/Marco.Polo.2014.S01.FRENCH.720p.WEBRip.x264-AUTHORiTY/Marco.Polo.2014.S01E09.FRENCH.720p.WEBRip.x264-AUTHORiTY
___________________________________________________________________________________
Date : lundi 7 décembre 2015, 14:27:15 (UTC+0100)
Type : Erreur de suppression du sous-dossier
Sous-Dossier :  /home/xavier/torrents/tv/Marco.Polo.2014.S01.FRENCH.720p.WEBRip.x264-AUTHORiTY/Marco.Polo.2014.S01E09.FRENCH.720p.WEBRip.x264-AUTHORiTY
___________________________________________________________________________________
Date : lundi 7 décembre 2015, 14:27:15 (UTC+0100)
Type : Erreur de suppression du dossier
Dossier : /home/xavier/torrents/tv/Marco.Polo.2014.S01.FRENCH.720p.WEBRip.x264-AUTHORiTY/Marco.Polo.2014.S01E10.FiNAL.FRENCH.720p.WEBRip.x264-AUTHORiTY
___________________________________________________________________________________
Date : lundi 7 décembre 2015, 14:27:15 (UTC+0100)
Type : Erreur de suppression du sous-dossier
Sous-Dossier :  /home/xavier/torrents/tv/Marco.Polo.2014.S01.FRENCH.720p.WEBRip.x264-AUTHORiTY/Marco.Polo.2014.S01E10.FiNAL.FRENCH.720p.WEBRip.x264-AUTHORiTY
___________________________________________________________________________________
Date : lundi 7 décembre 2015, 14:27:16 (UTC+0100)
Type : Erreur de suppression du dossier
Dossier : /home/xavier/torrents/tv/Marco.Polo.2014.S01.FRENCH.720p.WEBRip.x264-AUTHORiTY
___________________________________________________________________________________
Date : lundi 7 décembre 2015, 14:27:16 (UTC+0100)
Type : Erreur de suppression du dossier
Dossier : /home/xavier/torrents/tv/Vikings.S03E01.TRUEFRENCH.720p.HDTV.x264-LiBERTY/Sample
___________________________________________________________________________________
Date : lundi 7 décembre 2015, 14:27:16 (UTC+0100)
Type : Erreur de suppression du sous-dossier
Sous-Dossier :  /home/xavier/torrents/tv/Vikings.S03E01.TRUEFRENCH.720p.HDTV.x264-LiBERTY/Sample
___________________________________________________________________________________
Date : lundi 7 décembre 2015, 14:27:16 (UTC+0100)
Type : Erreur de suppression du dossier
Dossier : /home/xavier/torrents/tv/Vikings.S03E01.TRUEFRENCH.720p.HDTV.x264-LiBERTY
___________________________________________________________________________________
Date : lundi 7 décembre 2015, 14:27:16 (UTC+0100)
Type : Erreur de suppression du dossier
Dossier : /home/fred/torrents/movie/The.Boxtrolls.2014.TRUEFRENCH.720p.BluRay.x264-LOST
___________________________________________________________________________________
Date : lundi 7 décembre 2015, 14:27:17 (UTC+0100)
Type : Erreur de suppression du fichier
Fichier : /home/fred/torrents/other/Art & Décoration N 506 - Juillet 2015.pdf
___________________________________________________________________________________
Date : lundi 7 décembre 2015, 14:27:17 (UTC+0100)
Type : Erreur de suppression du fichier
Fichier : /home/fred/torrents/other/Capital N 286 - Juillet 2015.pdf
___________________________________________________________________________________
Date : lundi 7 décembre 2015, 14:27:17 (UTC+0100)
Type : Erreur de suppression du fichier
Fichier : /home/fred/torrents/other/Comment ça Marche  N 61 - Juillet 2015.pdf
___________________________________________________________________________________
Date : lundi 7 décembre 2015, 14:27:17 (UTC+0100)
Type : Erreur de suppression du fichier
Fichier : /home/fred/torrents/other/Déco Magazine N 61 - Juillet-Octobre 2015.pdf
___________________________________________________________________________________
Date : lundi 7 décembre 2015, 14:27:17 (UTC+0100)
Type : Erreur de suppression du fichier
Fichier : /home/fred/torrents/other/décormag - Juillet-Aout 2015.pdf
___________________________________________________________________________________
Date : lundi 7 décembre 2015, 14:27:18 (UTC+0100)
Type : Erreur de suppression du fichier
Fichier : /home/fred/torrents/other/Gnomes de Troy - T03 - CBR.cbr
___________________________________________________________________________________
Date : lundi 7 décembre 2015, 14:27:18 (UTC+0100)
Type : Erreur de suppression du dossier
Dossier : /home/fred/torrents/other/Le magicien d'Oz - T1 à 3
___________________________________________________________________________________
Date : lundi 7 décembre 2015, 14:27:19 (UTC+0100)
Type : Erreur de suppression du dossier
Dossier : /home/fred/torrents/other/Les enfants d'ailleurs Tomes 1-5
___________________________________________________________________________________
Date : lundi 7 décembre 2015, 14:27:19 (UTC+0100)
Type : Erreur de suppression du fichier
Fichier : /home/fred/torrents/other/Pêche en Mer Hors-Série No.25 - Mars 2015.pdf
___________________________________________________________________________________
Date : lundi 7 décembre 2015, 14:27:19 (UTC+0100)
Type : Erreur de suppression du fichier
Fichier : /home/fred/torrents/other/Pêche en Mer No.357 - Avril 2015.pdf
___________________________________________________________________________________
Date : lundi 7 décembre 2015, 14:27:19 (UTC+0100)
Type : Erreur de suppression du fichier
Fichier : /home/bacou/torrents/movie/Le Hobbit La bataille des cinq armees (2014) [1080] MULTi BluRay x264-PopHD.mkv
___________________________________________________________________________________
Date : lundi 7 décembre 2015, 14:27:20 (UTC+0100)
Type : Erreur de suppression du fichier
Fichier : /home/bacou/torrents/other/ARTE Documentaire PICASSO, L INVENTAIRE D'UNE VIE TVripHD.mp4
___________________________________________________________________________________
Date : lundi 7 décembre 2015, 14:27:20 (UTC+0100)
Type : Erreur de suppression du fichier
Fichier : /home/bacou/torrents/other/Brel, Brassens, Ferré, trois hommes sur la photo.avi
___________________________________________________________________________________
Date : lundi 7 décembre 2015, 14:27:21 (UTC+0100)
Type : Erreur de suppression du dossier
Dossier : /home/bacou/torrents/other/Hommage à Jean Ferrat - 2010 - TV RIP
___________________________________________________________________________________
Date : lundi 7 décembre 2015, 14:27:21 (UTC+0100)
Type : Erreur de suppression du fichier
Fichier : /home/bacou/torrents/other/Jacques Brel - J'aime les Belges ! 2008 FRENCH DVDRip LegoRayman.VOB
___________________________________________________________________________________
Date : lundi 7 décembre 2015, 14:27:21 (UTC+0100)
Type : Erreur de suppression du fichier
Fichier : /home/bacou/torrents/other/Jupiter Ascending (2015) MULTi-VF2 [1080p] BluRay x264-PopHD (Le Destin de l'univers).mkv
___________________________________________________________________________________
Date : lundi 7 décembre 2015, 14:27:21 (UTC+0100)
Type : Erreur de suppression du dossier
Dossier : /home/bacou/torrents/other/Men of War Vietnam Special Edition MULTi7-PROPHET
___________________________________________________________________________________
Date : lundi 7 décembre 2015, 14:27:22 (UTC+0100)
Type : Erreur de suppression du dossier
Dossier : /home/bacou/torrents/other/Microsoft Windows 7 [Portable] FR-Canada LiveOS v2
___________________________________________________________________________________
Date : lundi 7 décembre 2015, 14:27:23 (UTC+0100)
Type : Erreur de suppression du dossier
Dossier : /home/bacou/torrents/other/Nous nous sommes tant aimés - Jean Ferrat.France 3.TVRIP.XVID
___________________________________________________________________________________
Date : lundi 7 décembre 2015, 14:27:23 (UTC+0100)
Type : Erreur de suppression du dossier
Dossier : /home/bacou/torrents/other/The Story of Adele H
___________________________________________________________________________________
Date : lundi 7 décembre 2015, 14:27:23 (UTC+0100)
Type : Erreur de suppression du dossier
Dossier : /home/bacou/torrents/other/Un soir avec...Le regard de Georges Brassens-doc-french-ripadsl-xvid-Filocamo
___________________________________________________________________________________
Date : lundi 7 décembre 2015, 14:27:24 (UTC+0100)
Type : Erreur de suppression du dossier
Dossier : /home/laurent/torrents/movie/Lucy.2014.TrueFrench.BDrip.x264.AWte@m
___________________________________________________________________________________
Date : lundi 7 décembre 2015, 14:27:24 (UTC+0100)
Type : Erreur de suppression du dossier
Dossier : /home/laurent/torrents/movie/On.a Failli.Etre.Amies.2014.FRENCH.BRRIP.XviD-oo0oo
___________________________________________________________________________________
