Date : lundi 7 décembre 2015, 03:14:32 (UTC+0100)
Type : Suppression du Dossier
Dossier : /home/gormson/torrents/tv/Marvel's Agents of S.H.I.E.L.D/Saison 3
_______________________________________________________________________________________
Date : lundi 7 décembre 2015, 03:14:32 (UTC+0100)
Type : Suppression du Dossier
Dossier : /home/gormson/torrents/tv/Marvel's Agents of S.H.I.E.L.D
_______________________________________________________________________________________
Date : lundi 7 décembre 2015, 03:14:32 (UTC+0100)
Type : Suppression Inode 58723586
Fichier :  /home/xavier/torrents/movie/Southpaw 2015 Multi BluRay 1080p DTS-HD MA 5.1 x264-HD Workshop/extrafanart/fanart1.jpg
Date : lundi 7 décembre 2015, 03:14:32 (UTC+0100)
Type : Suppression Inode 58723587
Fichier :  /home/xavier/torrents/movie/Southpaw 2015 Multi BluRay 1080p DTS-HD MA 5.1 x264-HD Workshop/extrafanart/fanart2.jpg
Date : lundi 7 décembre 2015, 03:14:33 (UTC+0100)
Type : Suppression Inode 58723588
Fichier :  /home/xavier/torrents/movie/Southpaw 2015 Multi BluRay 1080p DTS-HD MA 5.1 x264-HD Workshop/extrafanart/fanart3.jpg
Date : lundi 7 décembre 2015, 03:14:33 (UTC+0100)
Type : Suppression Inode 58723589
Fichier :  /home/xavier/torrents/movie/Southpaw 2015 Multi BluRay 1080p DTS-HD MA 5.1 x264-HD Workshop/extrafanart/fanart4.jpg
Date : lundi 7 décembre 2015, 03:14:33 (UTC+0100)
Type : Suppression Inode 58723590
Fichier :  /home/xavier/torrents/movie/Southpaw 2015 Multi BluRay 1080p DTS-HD MA 5.1 x264-HD Workshop/extrafanart/fanart5.jpg
Date : lundi 7 décembre 2015, 03:14:33 (UTC+0100)
Type : Suppression du Dossier
Dossier : /home/xavier/torrents/movie/Southpaw 2015 Multi BluRay 1080p DTS-HD MA 5.1 x264-HD Workshop/extrafanart
_______________________________________________________________________________________
Date : lundi 7 décembre 2015, 03:14:33 (UTC+0100)
Type : Suppression du Dossier
Dossier : /home/xavier/torrents/movie/Southpaw 2015 Multi BluRay 1080p DTS-HD MA 5.1 x264-HD Workshop
_______________________________________________________________________________________
Date : lundi 7 décembre 2015, 03:14:33 (UTC+0100)
Type : Suppression Inode 59244548
Fichier :  /home/xavier/torrents/tv/Marco.Polo.2014.S01.FRENCH.720p.WEBRip.x264-AUTHORiTY/Marco.Polo.2014.S01E01.FRENCH.720p.WEBRip.x264-AUTHORiTY/Marco.Polo.2014.S01E01.FRENCH.720p.WEBRip.x264-AUTHORiTY.nfo
Date : lundi 7 décembre 2015, 03:14:33 (UTC+0100)
Type : Suppression du Dossier
Dossier : /home/xavier/torrents/tv/Marco.Polo.2014.S01.FRENCH.720p.WEBRip.x264-AUTHORiTY/Marco.Polo.2014.S01E01.FRENCH.720p.WEBRip.x264-AUTHORiTY
_______________________________________________________________________________________
Date : lundi 7 décembre 2015, 03:14:34 (UTC+0100)
Type : Suppression Inode 59244551
Fichier :  /home/xavier/torrents/tv/Marco.Polo.2014.S01.FRENCH.720p.WEBRip.x264-AUTHORiTY/Marco.Polo.2014.S01E02.FRENCH.720p.WEBRip.x264-AUTHORiTY/Marco.Polo.2014.S01E02.FRENCH.720p.WEBRip.x264-AUTHORiTY.nfo
Date : lundi 7 décembre 2015, 03:14:34 (UTC+0100)
Type : Suppression du Dossier
Dossier : /home/xavier/torrents/tv/Marco.Polo.2014.S01.FRENCH.720p.WEBRip.x264-AUTHORiTY/Marco.Polo.2014.S01E02.FRENCH.720p.WEBRip.x264-AUTHORiTY
_______________________________________________________________________________________
Date : lundi 7 décembre 2015, 03:14:34 (UTC+0100)
Type : Suppression Inode 59244554
Fichier :  /home/xavier/torrents/tv/Marco.Polo.2014.S01.FRENCH.720p.WEBRip.x264-AUTHORiTY/Marco.Polo.2014.S01E03.FRENCH.720p.WEBRip.x264-AUTHORiTY/Marco.Polo.2014.S01E03.FRENCH.720p.WEBRip.x264-AUTHORiTY.nfo
Date : lundi 7 décembre 2015, 03:14:35 (UTC+0100)
Type : Suppression du Dossier
Dossier : /home/xavier/torrents/tv/Marco.Polo.2014.S01.FRENCH.720p.WEBRip.x264-AUTHORiTY/Marco.Polo.2014.S01E03.FRENCH.720p.WEBRip.x264-AUTHORiTY
_______________________________________________________________________________________
Date : lundi 7 décembre 2015, 03:14:35 (UTC+0100)
Type : Suppression Inode 59244557
Fichier :  /home/xavier/torrents/tv/Marco.Polo.2014.S01.FRENCH.720p.WEBRip.x264-AUTHORiTY/Marco.Polo.2014.S01E04.FRENCH.720p.WEBRip.x264-AUTHORiTY/Marco.Polo.2014.S01E04.FRENCH.720p.WEBRip.x264-AUTHORiTY.nfo
Date : lundi 7 décembre 2015, 03:14:35 (UTC+0100)
Type : Suppression du Dossier
Dossier : /home/xavier/torrents/tv/Marco.Polo.2014.S01.FRENCH.720p.WEBRip.x264-AUTHORiTY/Marco.Polo.2014.S01E04.FRENCH.720p.WEBRip.x264-AUTHORiTY
_______________________________________________________________________________________
Date : lundi 7 décembre 2015, 03:14:36 (UTC+0100)
Type : Suppression Inode 59244560
Fichier :  /home/xavier/torrents/tv/Marco.Polo.2014.S01.FRENCH.720p.WEBRip.x264-AUTHORiTY/Marco.Polo.2014.S01E05.FRENCH.720p.WEBRip.x264-AUTHORiTY/Marco.Polo.2014.S01E05.FRENCH.720p.WEBRip.x264-AUTHORiTY.nfo
Date : lundi 7 décembre 2015, 03:14:36 (UTC+0100)
Type : Suppression du Dossier
Dossier : /home/xavier/torrents/tv/Marco.Polo.2014.S01.FRENCH.720p.WEBRip.x264-AUTHORiTY/Marco.Polo.2014.S01E05.FRENCH.720p.WEBRip.x264-AUTHORiTY
_______________________________________________________________________________________
Date : lundi 7 décembre 2015, 03:14:36 (UTC+0100)
Type : Suppression Inode 59244563
Fichier :  /home/xavier/torrents/tv/Marco.Polo.2014.S01.FRENCH.720p.WEBRip.x264-AUTHORiTY/Marco.Polo.2014.S01E06.FRENCH.720p.WEBRip.x264-AUTHORiTY/Marco.Polo.2014.S01E06.FRENCH.720p.WEBRip.x264-AUTHORiTY.nfo
Date : lundi 7 décembre 2015, 03:14:36 (UTC+0100)
Type : Suppression du Dossier
Dossier : /home/xavier/torrents/tv/Marco.Polo.2014.S01.FRENCH.720p.WEBRip.x264-AUTHORiTY/Marco.Polo.2014.S01E06.FRENCH.720p.WEBRip.x264-AUTHORiTY
_______________________________________________________________________________________
Date : lundi 7 décembre 2015, 03:14:37 (UTC+0100)
Type : Suppression Inode 59244566
Fichier :  /home/xavier/torrents/tv/Marco.Polo.2014.S01.FRENCH.720p.WEBRip.x264-AUTHORiTY/Marco.Polo.2014.S01E07.FRENCH.720p.WEBRip.x264-AUTHORiTY/Marco.Polo.2014.S01E07.FRENCH.720p.WEBRip.x264-AUTHORiTY.nfo
Date : lundi 7 décembre 2015, 03:14:37 (UTC+0100)
Type : Suppression du Dossier
Dossier : /home/xavier/torrents/tv/Marco.Polo.2014.S01.FRENCH.720p.WEBRip.x264-AUTHORiTY/Marco.Polo.2014.S01E07.FRENCH.720p.WEBRip.x264-AUTHORiTY
_______________________________________________________________________________________
Date : lundi 7 décembre 2015, 03:14:37 (UTC+0100)
Type : Suppression Inode 59244569
Fichier :  /home/xavier/torrents/tv/Marco.Polo.2014.S01.FRENCH.720p.WEBRip.x264-AUTHORiTY/Marco.Polo.2014.S01E08.FRENCH.720p.WEBRip.x264-AUTHORiTY/Marco.Polo.2014.S01E08.FRENCH.720p.WEBRip.x264-AUTHORiTY.nfo
Date : lundi 7 décembre 2015, 03:14:37 (UTC+0100)
Type : Suppression du Dossier
Dossier : /home/xavier/torrents/tv/Marco.Polo.2014.S01.FRENCH.720p.WEBRip.x264-AUTHORiTY/Marco.Polo.2014.S01E08.FRENCH.720p.WEBRip.x264-AUTHORiTY
_______________________________________________________________________________________
Date : lundi 7 décembre 2015, 03:14:38 (UTC+0100)
Type : Suppression Inode 59244572
Fichier :  /home/xavier/torrents/tv/Marco.Polo.2014.S01.FRENCH.720p.WEBRip.x264-AUTHORiTY/Marco.Polo.2014.S01E09.FRENCH.720p.WEBRip.x264-AUTHORiTY/Marco.Polo.2014.S01E09.FRENCH.720p.WEBRip.x264-AUTHORiTY.nfo
Date : lundi 7 décembre 2015, 03:14:38 (UTC+0100)
Type : Suppression du Dossier
Dossier : /home/xavier/torrents/tv/Marco.Polo.2014.S01.FRENCH.720p.WEBRip.x264-AUTHORiTY/Marco.Polo.2014.S01E09.FRENCH.720p.WEBRip.x264-AUTHORiTY
_______________________________________________________________________________________
Date : lundi 7 décembre 2015, 03:14:38 (UTC+0100)
Type : Suppression Inode 59244575
Fichier :  /home/xavier/torrents/tv/Marco.Polo.2014.S01.FRENCH.720p.WEBRip.x264-AUTHORiTY/Marco.Polo.2014.S01E10.FiNAL.FRENCH.720p.WEBRip.x264-AUTHORiTY/Marco.Polo.2014.S01E10.FiNAL.FRENCH.720p.WEBRip.x264-AUTHORiTY.nfo
Date : lundi 7 décembre 2015, 03:14:38 (UTC+0100)
Type : Suppression du Dossier
Dossier : /home/xavier/torrents/tv/Marco.Polo.2014.S01.FRENCH.720p.WEBRip.x264-AUTHORiTY/Marco.Polo.2014.S01E10.FiNAL.FRENCH.720p.WEBRip.x264-AUTHORiTY
_______________________________________________________________________________________
Date : lundi 7 décembre 2015, 03:14:38 (UTC+0100)
Type : Suppression du Dossier
Dossier : /home/xavier/torrents/tv/Marco.Polo.2014.S01.FRENCH.720p.WEBRip.x264-AUTHORiTY
_______________________________________________________________________________________
Date : lundi 7 décembre 2015, 03:14:39 (UTC+0100)
Type : Suppression Inode 58853033
Fichier :  /home/xavier/torrents/tv/Vikings.S03E01.TRUEFRENCH.720p.HDTV.x264-LiBERTY/Sample/Vikings.S03E01.TRUEFRENCH.720p.HDTV.x264-LiBERTY.sample.mkv
Date : lundi 7 décembre 2015, 03:14:39 (UTC+0100)
Type : Suppression du Dossier
Dossier : /home/xavier/torrents/tv/Vikings.S03E01.TRUEFRENCH.720p.HDTV.x264-LiBERTY/Sample
_______________________________________________________________________________________
Date : lundi 7 décembre 2015, 03:14:39 (UTC+0100)
Type : Suppression du Dossier
Dossier : /home/xavier/torrents/tv/Vikings.S03E01.TRUEFRENCH.720p.HDTV.x264-LiBERTY
_______________________________________________________________________________________
Date : lundi 7 décembre 2015, 03:14:39 (UTC+0100)
Type : Suppression Inode 58721713
Fichier :  /home/fred/torrents/movie/The.Boxtrolls.2014.TRUEFRENCH.720p.BluRay.x264-LOST/the.boxtrolls.2014.truefrench.720p.bluray.x264-lost.nfo
Date : lundi 7 décembre 2015, 03:14:39 (UTC+0100)
Type : Suppression du Dossier
Dossier : /home/fred/torrents/movie/The.Boxtrolls.2014.TRUEFRENCH.720p.BluRay.x264-LOST
_______________________________________________________________________________________
_______________________________________________________________________________________
_______________________________________________________________________________________
Date : lundi 7 décembre 2015, 03:14:39 (UTC+0100)
Type : Suppression Inode 58723018
Fichier :  /home/fred/torrents/other/Art & Décoration N 506 - Juillet 2015.pdf
_______________________________________________________________________________________
Date : lundi 7 décembre 2015, 03:14:40 (UTC+0100)
Type : Suppression Inode 58723013
Fichier :  /home/fred/torrents/other/Capital N 286 - Juillet 2015.pdf
_______________________________________________________________________________________
Date : lundi 7 décembre 2015, 03:14:40 (UTC+0100)
Type : Suppression Inode 58723034
Fichier :  /home/fred/torrents/other/Comment ça Marche  N 61 - Juillet 2015.pdf
_______________________________________________________________________________________
Date : lundi 7 décembre 2015, 03:14:40 (UTC+0100)
Type : Suppression Inode 58720868
Fichier :  /home/fred/torrents/other/Déco Magazine N 61 - Juillet-Octobre 2015.pdf
_______________________________________________________________________________________
Date : lundi 7 décembre 2015, 03:14:40 (UTC+0100)
Type : Suppression Inode 58723029
Fichier :  /home/fred/torrents/other/décormag - Juillet-Aout 2015.pdf
_______________________________________________________________________________________
Date : lundi 7 décembre 2015, 03:14:40 (UTC+0100)
Type : Suppression Inode 58723069
Fichier :  /home/fred/torrents/other/Gnomes de Troy - T03 - CBR.cbr
_______________________________________________________________________________________
Date : lundi 7 décembre 2015, 03:14:41 (UTC+0100)
Type : Suppression Inode 58723046
Fichier :  /home/fred/torrents/other/Le magicien d'Oz - T1 à 3/Le magicien d'Oz - Volume 1.cbr
Date : lundi 7 décembre 2015, 03:14:41 (UTC+0100)
Type : Suppression Inode 58723044
Fichier :  /home/fred/torrents/other/Le magicien d'Oz - T1 à 3/Le magicien d'Oz - Volume 2.cbr
Date : lundi 7 décembre 2015, 03:14:41 (UTC+0100)
Type : Suppression Inode 58723045
Fichier :  /home/fred/torrents/other/Le magicien d'Oz - T1 à 3/Le magicien d'Oz - Volume 3.cbr
Date : lundi 7 décembre 2015, 03:14:41 (UTC+0100)
Type : Suppression du Dossier
Dossier : /home/fred/torrents/other/Le magicien d'Oz - T1 à 3
_______________________________________________________________________________________
Date : lundi 7 décembre 2015, 03:14:41 (UTC+0100)
Type : Suppression Inode 58723058
Fichier :  /home/fred/torrents/other/Les enfants d'ailleurs Tomes 1-5/[BD Fr] Les Enfants D'Ailleurs - T01 - Le Passage  2007.cbr
Date : lundi 7 décembre 2015, 03:14:41 (UTC+0100)
Type : Suppression Inode 58723059
Fichier :  /home/fred/torrents/other/Les enfants d'ailleurs Tomes 1-5/[BD Fr] Les Enfants D'Ailleurs - T02 - Les ombres.cbr
Date : lundi 7 décembre 2015, 03:14:41 (UTC+0100)
Type : Suppression Inode 58723057
Fichier :  /home/fred/torrents/other/Les enfants d'ailleurs Tomes 1-5/[BD Fr] Les Enfants D'Ailleurs - T03 - Le maître des ombres (1920).cbr
Date : lundi 7 décembre 2015, 03:14:42 (UTC+0100)
Type : Suppression Inode 58723055
Fichier :  /home/fred/torrents/other/Les enfants d'ailleurs Tomes 1-5/[BD Fr] Les Enfants D'Ailleurs - T04 - L'Appel.cbr
Date : lundi 7 décembre 2015, 03:14:42 (UTC+0100)
Type : Suppression Inode 58723056
Fichier :  /home/fred/torrents/other/Les enfants d'ailleurs Tomes 1-5/[BD Fr] Les Enfants D'ailleurs - T05 - Les larmes de l'autre monde (1920).cbr
Date : lundi 7 décembre 2015, 03:14:42 (UTC+0100)
Type : Suppression du Dossier
Dossier : /home/fred/torrents/other/Les enfants d'ailleurs Tomes 1-5
_______________________________________________________________________________________
Date : lundi 7 décembre 2015, 03:14:42 (UTC+0100)
Type : Suppression Inode 58721413
Fichier :  /home/fred/torrents/other/Pêche en Mer Hors-Série No.25 - Mars 2015.pdf
_______________________________________________________________________________________
Date : lundi 7 décembre 2015, 03:14:42 (UTC+0100)
Type : Suppression Inode 58723038
Fichier :  /home/fred/torrents/other/Pêche en Mer No.357 - Avril 2015.pdf
_______________________________________________________________________________________
Date : lundi 7 décembre 2015, 03:14:42 (UTC+0100)
Type : Suppression Inode 58722905
Fichier :  /home/bacou/torrents/movie/Le Hobbit La bataille des cinq armees (2014) [1080] MULTi BluRay x264-PopHD.mkv
_______________________________________________________________________________________
Date : lundi 7 décembre 2015, 03:14:42 (UTC+0100)
Type : Suppression Inode 58723996
Fichier :  /home/bacou/torrents/other/ARTE Documentaire PICASSO, L INVENTAIRE D'UNE VIE TVripHD.mp4
_______________________________________________________________________________________
Date : lundi 7 décembre 2015, 03:14:43 (UTC+0100)
Type : Suppression Inode 58722455
Fichier :  /home/bacou/torrents/other/Brel, Brassens, Ferré, trois hommes sur la photo.avi
_______________________________________________________________________________________
Date : lundi 7 décembre 2015, 03:14:43 (UTC+0100)
Type : Suppression Inode 58852225
Fichier :  /home/bacou/torrents/other/Hommage à Jean Ferrat - 2010 - TV RIP/Hommage à Jean Ferrat (1).avi
Date : lundi 7 décembre 2015, 03:14:43 (UTC+0100)
Type : Suppression Inode 58852224
Fichier :  /home/bacou/torrents/other/Hommage à Jean Ferrat - 2010 - TV RIP/Hommage à Jean Ferrat (2).avi
Date : lundi 7 décembre 2015, 03:14:43 (UTC+0100)
Type : Suppression Inode 58852226
Fichier :  /home/bacou/torrents/other/Hommage à Jean Ferrat - 2010 - TV RIP/Hommage à Jean Ferrat (3).avi
Date : lundi 7 décembre 2015, 03:14:43 (UTC+0100)
Type : Suppression Inode 58852227
Fichier :  /home/bacou/torrents/other/Hommage à Jean Ferrat - 2010 - TV RIP/Hommage à Jean Ferrat (4).avi
Date : lundi 7 décembre 2015, 03:14:43 (UTC+0100)
Type : Suppression Inode 58852228
Fichier :  /home/bacou/torrents/other/Hommage à Jean Ferrat - 2010 - TV RIP/Hommage à Jean Ferrat.nfo
Date : lundi 7 décembre 2015, 03:14:44 (UTC+0100)
Type : Suppression du Dossier
Dossier : /home/bacou/torrents/other/Hommage à Jean Ferrat - 2010 - TV RIP
_______________________________________________________________________________________
Date : lundi 7 décembre 2015, 03:14:44 (UTC+0100)
Type : Suppression Inode 58723123
Fichier :  /home/bacou/torrents/other/Jacques Brel - J'aime les Belges ! 2008 FRENCH DVDRip LegoRayman.VOB
_______________________________________________________________________________________
Date : lundi 7 décembre 2015, 03:14:44 (UTC+0100)
Type : Suppression Inode 58723956
Fichier :  /home/bacou/torrents/other/Jupiter Ascending (2015) MULTi-VF2 [1080p] BluRay x264-PopHD (Le Destin de l'univers).mkv
_______________________________________________________________________________________
Date : lundi 7 décembre 2015, 03:14:44 (UTC+0100)
Type : Suppression Inode 58852576
Fichier :  /home/bacou/torrents/other/Men of War Vietnam Special Edition MULTi7-PROPHET/ppt-mwvm.iso
Date : lundi 7 décembre 2015, 03:14:44 (UTC+0100)
Type : Suppression Inode 58852577
Fichier :  /home/bacou/torrents/other/Men of War Vietnam Special Edition MULTi7-PROPHET/prophet.nfo
Date : lundi 7 décembre 2015, 03:14:44 (UTC+0100)
Type : Suppression du Dossier
Dossier : /home/bacou/torrents/other/Men of War Vietnam Special Edition MULTi7-PROPHET
_______________________________________________________________________________________
Date : lundi 7 décembre 2015, 03:14:44 (UTC+0100)
Type : Suppression Inode 58852617
Fichier :  /home/bacou/torrents/other/Microsoft Windows 7 [Portable] FR-Canada LiveOS v2/Instructions.nfo
Date : lundi 7 décembre 2015, 03:14:45 (UTC+0100)
Type : Suppression Inode 58852611
Fichier :  /home/bacou/torrents/other/Microsoft Windows 7 [Portable] FR-Canada LiveOS v2/Win7x64_fr-ca_LiveOS.ISO
Date : lundi 7 décembre 2015, 03:14:45 (UTC+0100)
Type : Suppression Inode 58852614
Fichier :  /home/bacou/torrents/other/Microsoft Windows 7 [Portable] FR-Canada LiveOS v2/Win7x86_fr-ca_LiveOS.ISO
Date : lundi 7 décembre 2015, 03:14:45 (UTC+0100)
Type : Suppression Inode 58852616
Fichier :  /home/bacou/torrents/other/Microsoft Windows 7 [Portable] FR-Canada LiveOS v2/Windows7-LiveOS.png
Date : lundi 7 décembre 2015, 03:14:45 (UTC+0100)
Type : Suppression Inode 58852615
Fichier :  /home/bacou/torrents/other/Microsoft Windows 7 [Portable] FR-Canada LiveOS v2/Windows7-USB-DVD-tool.exe
Date : lundi 7 décembre 2015, 03:14:45 (UTC+0100)
Type : Suppression du Dossier
Dossier : /home/bacou/torrents/other/Microsoft Windows 7 [Portable] FR-Canada LiveOS v2
_______________________________________________________________________________________
Date : lundi 7 décembre 2015, 03:14:45 (UTC+0100)
Type : Suppression Inode 58852221
Fichier :  /home/bacou/torrents/other/Nous nous sommes tant aimés - Jean Ferrat.France 3.TVRIP.XVID/Documentaire - Français - Nous nous sommes tant aimés - Jean Ferrat - 1l2 Fr3.2010-08-07 Clo2.avi
Date : lundi 7 décembre 2015, 03:14:45 (UTC+0100)
Type : Suppression Inode 58852222
Fichier :  /home/bacou/torrents/other/Nous nous sommes tant aimés - Jean Ferrat.France 3.TVRIP.XVID/Documentaire - Français - Nous nous sommes tant aimés - Jean Ferrat - 2l2 Fr3.2010-08-08 Clo2.avi
Date : lundi 7 décembre 2015, 03:14:45 (UTC+0100)
Type : Suppression du Dossier
Dossier : /home/bacou/torrents/other/Nous nous sommes tant aimés - Jean Ferrat.France 3.TVRIP.XVID
_______________________________________________________________________________________
Date : lundi 7 décembre 2015, 03:14:46 (UTC+0100)
Type : Suppression Inode 58723991
Fichier :  /home/bacou/torrents/other/The Story of Adele H/The Story of Adele H.avi
Date : lundi 7 décembre 2015, 03:14:46 (UTC+0100)
Type : Suppression Inode 58723993
Fichier :  /home/bacou/torrents/other/The Story of Adele H/The Story Of Adele H.srt
Date : lundi 7 décembre 2015, 03:14:46 (UTC+0100)
Type : Suppression Inode 58723994
Fichier :  /home/bacou/torrents/other/The Story of Adele H/trailer.avi
Date : lundi 7 décembre 2015, 03:14:46 (UTC+0100)
Type : Suppression du Dossier
Dossier : /home/bacou/torrents/other/The Story of Adele H
_______________________________________________________________________________________
Date : lundi 7 décembre 2015, 03:14:46 (UTC+0100)
Type : Suppression Inode 58852218
Fichier :  /home/bacou/torrents/other/Un soir avec...Le regard de Georges Brassens-doc-french-ripadsl-xvid-Filocamo/Un soir avec...Le regard de Georges Brassens-doc-french-ripadsl-xvid-Filocamo.avi
Date : lundi 7 décembre 2015, 03:14:46 (UTC+0100)
Type : Suppression Inode 58852219
Fichier :  /home/bacou/torrents/other/Un soir avec...Le regard de Georges Brassens-doc-french-ripadsl-xvid-Filocamo/Un soir avec....le regard de Georges Brassens.nfo
Date : lundi 7 décembre 2015, 03:14:46 (UTC+0100)
Type : Suppression du Dossier
Dossier : /home/bacou/torrents/other/Un soir avec...Le regard de Georges Brassens-doc-french-ripadsl-xvid-Filocamo
_______________________________________________________________________________________
Date : lundi 7 décembre 2015, 03:14:46 (UTC+0100)
Type : Suppression Inode 58721613
Fichier :  /home/laurent/torrents/movie/Lucy.2014.TrueFrench.BDrip.x264.AWte@m/Lucy.2014.TrueFrench.BDrip.x264.AWte@m.mkv
Date : lundi 7 décembre 2015, 03:14:47 (UTC+0100)
Type : Suppression Inode 58721612
Fichier :  /home/laurent/torrents/movie/Lucy.2014.TrueFrench.BDrip.x264.AWte@m/Lucy.2014.TrueFrench.BDrip.x264.AWte@m.nfo
Date : lundi 7 décembre 2015, 03:14:47 (UTC+0100)
Type : Suppression du Dossier
Dossier : /home/laurent/torrents/movie/Lucy.2014.TrueFrench.BDrip.x264.AWte@m
_______________________________________________________________________________________
_______________________________________________________________________________________
Date : lundi 7 décembre 2015, 03:14:47 (UTC+0100)
Type : Suppression du Dossier
Dossier : /home/laurent/torrents/movie/On.a Failli.Etre.Amies.2014.FRENCH.BRRIP.XviD-oo0oo
_______________________________________________________________________________________
lundi 7 décembre 2015, 03:14:47 (UTC+0100) : Traitement de la liste de fichiers/dossiers terminée.

Date : lundi 7 décembre 2015, 14:24:20 (UTC+0100)
Type : Suppression du Dossier
Dossier : /home/gormson/torrents/tv/Marvel's Agents of S.H.I.E.L.D
_______________________________________________________________________________________
Date : lundi 7 décembre 2015, 14:24:20 (UTC+0100)
Type : Suppression du Dossier
Dossier : /home/xavier/torrents/movie/Southpaw 2015 Multi BluRay 1080p DTS-HD MA 5.1 x264-HD Workshop
_______________________________________________________________________________________
Date : lundi 7 décembre 2015, 14:24:22 (UTC+0100)
Type : Suppression du Dossier
Dossier : /home/xavier/torrents/tv/Marco.Polo.2014.S01.FRENCH.720p.WEBRip.x264-AUTHORiTY
_______________________________________________________________________________________
Date : lundi 7 décembre 2015, 14:24:22 (UTC+0100)
Type : Suppression du Dossier
Dossier : /home/xavier/torrents/tv/Vikings.S03E01.TRUEFRENCH.720p.HDTV.x264-LiBERTY
_______________________________________________________________________________________
Date : lundi 7 décembre 2015, 14:24:23 (UTC+0100)
Type : Suppression Inode 58721713
Fichier :  /home/fred/torrents/movie/The.Boxtrolls.2014.TRUEFRENCH.720p.BluRay.x264-LOST/the.boxtrolls.2014.truefrench.720p.bluray.x264-lost.nfo
Date : lundi 7 décembre 2015, 14:24:23 (UTC+0100)
Type : Suppression du Dossier
Dossier : /home/fred/torrents/movie/The.Boxtrolls.2014.TRUEFRENCH.720p.BluRay.x264-LOST
_______________________________________________________________________________________
_______________________________________________________________________________________
_______________________________________________________________________________________
Date : lundi 7 décembre 2015, 14:24:23 (UTC+0100)
Type : Suppression Inode 58723018
Fichier :  /home/fred/torrents/other/Art & Décoration N 506 - Juillet 2015.pdf
_______________________________________________________________________________________
Date : lundi 7 décembre 2015, 14:24:23 (UTC+0100)
Type : Suppression Inode 58723013
Fichier :  /home/fred/torrents/other/Capital N 286 - Juillet 2015.pdf
_______________________________________________________________________________________
Date : lundi 7 décembre 2015, 14:24:23 (UTC+0100)
Type : Suppression Inode 58723034
Fichier :  /home/fred/torrents/other/Comment ça Marche  N 61 - Juillet 2015.pdf
_______________________________________________________________________________________
Date : lundi 7 décembre 2015, 14:24:24 (UTC+0100)
Type : Suppression Inode 58720868
Fichier :  /home/fred/torrents/other/Déco Magazine N 61 - Juillet-Octobre 2015.pdf
_______________________________________________________________________________________
Date : lundi 7 décembre 2015, 14:24:24 (UTC+0100)
Type : Suppression Inode 58723029
Fichier :  /home/fred/torrents/other/décormag - Juillet-Aout 2015.pdf
_______________________________________________________________________________________
Date : lundi 7 décembre 2015, 14:24:24 (UTC+0100)
Type : Suppression Inode 58723069
Fichier :  /home/fred/torrents/other/Gnomes de Troy - T03 - CBR.cbr
_______________________________________________________________________________________
Date : lundi 7 décembre 2015, 14:24:24 (UTC+0100)
Type : Suppression Inode 58723046
Fichier :  /home/fred/torrents/other/Le magicien d'Oz - T1 à 3/Le magicien d'Oz - Volume 1.cbr
Date : lundi 7 décembre 2015, 14:24:24 (UTC+0100)
Type : Suppression Inode 58723044
Fichier :  /home/fred/torrents/other/Le magicien d'Oz - T1 à 3/Le magicien d'Oz - Volume 2.cbr
Date : lundi 7 décembre 2015, 14:24:25 (UTC+0100)
Type : Suppression Inode 58723045
Fichier :  /home/fred/torrents/other/Le magicien d'Oz - T1 à 3/Le magicien d'Oz - Volume 3.cbr
Date : lundi 7 décembre 2015, 14:24:25 (UTC+0100)
Type : Suppression du Dossier
Dossier : /home/fred/torrents/other/Le magicien d'Oz - T1 à 3
_______________________________________________________________________________________
Date : lundi 7 décembre 2015, 14:24:25 (UTC+0100)
Type : Suppression Inode 58723058
Fichier :  /home/fred/torrents/other/Les enfants d'ailleurs Tomes 1-5/[BD Fr] Les Enfants D'Ailleurs - T01 - Le Passage  2007.cbr
Date : lundi 7 décembre 2015, 14:24:25 (UTC+0100)
Type : Suppression Inode 58723059
Fichier :  /home/fred/torrents/other/Les enfants d'ailleurs Tomes 1-5/[BD Fr] Les Enfants D'Ailleurs - T02 - Les ombres.cbr
Date : lundi 7 décembre 2015, 14:24:25 (UTC+0100)
Type : Suppression Inode 58723057
Fichier :  /home/fred/torrents/other/Les enfants d'ailleurs Tomes 1-5/[BD Fr] Les Enfants D'Ailleurs - T03 - Le maître des ombres (1920).cbr
Date : lundi 7 décembre 2015, 14:24:25 (UTC+0100)
Type : Suppression Inode 58723055
Fichier :  /home/fred/torrents/other/Les enfants d'ailleurs Tomes 1-5/[BD Fr] Les Enfants D'Ailleurs - T04 - L'Appel.cbr
Date : lundi 7 décembre 2015, 14:24:25 (UTC+0100)
Type : Suppression Inode 58723056
Fichier :  /home/fred/torrents/other/Les enfants d'ailleurs Tomes 1-5/[BD Fr] Les Enfants D'ailleurs - T05 - Les larmes de l'autre monde (1920).cbr
Date : lundi 7 décembre 2015, 14:24:25 (UTC+0100)
Type : Suppression du Dossier
Dossier : /home/fred/torrents/other/Les enfants d'ailleurs Tomes 1-5
_______________________________________________________________________________________
Date : lundi 7 décembre 2015, 14:24:26 (UTC+0100)
Type : Suppression Inode 58721413
Fichier :  /home/fred/torrents/other/Pêche en Mer Hors-Série No.25 - Mars 2015.pdf
_______________________________________________________________________________________
Date : lundi 7 décembre 2015, 14:24:26 (UTC+0100)
Type : Suppression Inode 58723038
Fichier :  /home/fred/torrents/other/Pêche en Mer No.357 - Avril 2015.pdf
_______________________________________________________________________________________
Date : lundi 7 décembre 2015, 14:24:26 (UTC+0100)
Type : Suppression Inode 58722905
Fichier :  /home/bacou/torrents/movie/Le Hobbit La bataille des cinq armees (2014) [1080] MULTi BluRay x264-PopHD.mkv
_______________________________________________________________________________________
Date : lundi 7 décembre 2015, 14:24:26 (UTC+0100)
Type : Suppression Inode 58723996
Fichier :  /home/bacou/torrents/other/ARTE Documentaire PICASSO, L INVENTAIRE D'UNE VIE TVripHD.mp4
_______________________________________________________________________________________
Date : lundi 7 décembre 2015, 14:24:26 (UTC+0100)
Type : Suppression Inode 58722455
Fichier :  /home/bacou/torrents/other/Brel, Brassens, Ferré, trois hommes sur la photo.avi
_______________________________________________________________________________________
Date : lundi 7 décembre 2015, 14:24:26 (UTC+0100)
Type : Suppression Inode 58852225
Fichier :  /home/bacou/torrents/other/Hommage à Jean Ferrat - 2010 - TV RIP/Hommage à Jean Ferrat (1).avi
Date : lundi 7 décembre 2015, 14:24:27 (UTC+0100)
Type : Suppression Inode 58852224
Fichier :  /home/bacou/torrents/other/Hommage à Jean Ferrat - 2010 - TV RIP/Hommage à Jean Ferrat (2).avi
Date : lundi 7 décembre 2015, 14:24:27 (UTC+0100)
Type : Suppression Inode 58852226
Fichier :  /home/bacou/torrents/other/Hommage à Jean Ferrat - 2010 - TV RIP/Hommage à Jean Ferrat (3).avi
Date : lundi 7 décembre 2015, 14:24:27 (UTC+0100)
Type : Suppression Inode 58852227
Fichier :  /home/bacou/torrents/other/Hommage à Jean Ferrat - 2010 - TV RIP/Hommage à Jean Ferrat (4).avi
Date : lundi 7 décembre 2015, 14:24:27 (UTC+0100)
Type : Suppression Inode 58852228
Fichier :  /home/bacou/torrents/other/Hommage à Jean Ferrat - 2010 - TV RIP/Hommage à Jean Ferrat.nfo
Date : lundi 7 décembre 2015, 14:24:27 (UTC+0100)
Type : Suppression du Dossier
Dossier : /home/bacou/torrents/other/Hommage à Jean Ferrat - 2010 - TV RIP
_______________________________________________________________________________________
Date : lundi 7 décembre 2015, 14:24:27 (UTC+0100)
Type : Suppression Inode 58723123
Fichier :  /home/bacou/torrents/other/Jacques Brel - J'aime les Belges ! 2008 FRENCH DVDRip LegoRayman.VOB
_______________________________________________________________________________________
Date : lundi 7 décembre 2015, 14:24:27 (UTC+0100)
Type : Suppression Inode 58723956
Fichier :  /home/bacou/torrents/other/Jupiter Ascending (2015) MULTi-VF2 [1080p] BluRay x264-PopHD (Le Destin de l'univers).mkv
_______________________________________________________________________________________
Date : lundi 7 décembre 2015, 14:24:28 (UTC+0100)
Type : Suppression Inode 58852576
Fichier :  /home/bacou/torrents/other/Men of War Vietnam Special Edition MULTi7-PROPHET/ppt-mwvm.iso
Date : lundi 7 décembre 2015, 14:24:28 (UTC+0100)
Type : Suppression Inode 58852577
Fichier :  /home/bacou/torrents/other/Men of War Vietnam Special Edition MULTi7-PROPHET/prophet.nfo
Date : lundi 7 décembre 2015, 14:24:28 (UTC+0100)
Type : Suppression du Dossier
Dossier : /home/bacou/torrents/other/Men of War Vietnam Special Edition MULTi7-PROPHET
_______________________________________________________________________________________
Date : lundi 7 décembre 2015, 14:24:28 (UTC+0100)
Type : Suppression Inode 58852617
Fichier :  /home/bacou/torrents/other/Microsoft Windows 7 [Portable] FR-Canada LiveOS v2/Instructions.nfo
Date : lundi 7 décembre 2015, 14:24:28 (UTC+0100)
Type : Suppression Inode 58852611
Fichier :  /home/bacou/torrents/other/Microsoft Windows 7 [Portable] FR-Canada LiveOS v2/Win7x64_fr-ca_LiveOS.ISO
Date : lundi 7 décembre 2015, 14:24:28 (UTC+0100)
Type : Suppression Inode 58852614
Fichier :  /home/bacou/torrents/other/Microsoft Windows 7 [Portable] FR-Canada LiveOS v2/Win7x86_fr-ca_LiveOS.ISO
Date : lundi 7 décembre 2015, 14:24:29 (UTC+0100)
Type : Suppression Inode 58852616
Fichier :  /home/bacou/torrents/other/Microsoft Windows 7 [Portable] FR-Canada LiveOS v2/Windows7-LiveOS.png
Date : lundi 7 décembre 2015, 14:24:29 (UTC+0100)
Type : Suppression Inode 58852615
Fichier :  /home/bacou/torrents/other/Microsoft Windows 7 [Portable] FR-Canada LiveOS v2/Windows7-USB-DVD-tool.exe
Date : lundi 7 décembre 2015, 14:24:29 (UTC+0100)
Type : Suppression du Dossier
Dossier : /home/bacou/torrents/other/Microsoft Windows 7 [Portable] FR-Canada LiveOS v2
_______________________________________________________________________________________
Date : lundi 7 décembre 2015, 14:24:29 (UTC+0100)
Type : Suppression Inode 58852221
Fichier :  /home/bacou/torrents/other/Nous nous sommes tant aimés - Jean Ferrat.France 3.TVRIP.XVID/Documentaire - Français - Nous nous sommes tant aimés - Jean Ferrat - 1l2 Fr3.2010-08-07 Clo2.avi
Date : lundi 7 décembre 2015, 14:24:29 (UTC+0100)
Type : Suppression Inode 58852222
Fichier :  /home/bacou/torrents/other/Nous nous sommes tant aimés - Jean Ferrat.France 3.TVRIP.XVID/Documentaire - Français - Nous nous sommes tant aimés - Jean Ferrat - 2l2 Fr3.2010-08-08 Clo2.avi
Date : lundi 7 décembre 2015, 14:24:29 (UTC+0100)
Type : Suppression du Dossier
Dossier : /home/bacou/torrents/other/Nous nous sommes tant aimés - Jean Ferrat.France 3.TVRIP.XVID
_______________________________________________________________________________________
Date : lundi 7 décembre 2015, 14:24:29 (UTC+0100)
Type : Suppression Inode 58723991
Fichier :  /home/bacou/torrents/other/The Story of Adele H/The Story of Adele H.avi
Date : lundi 7 décembre 2015, 14:24:29 (UTC+0100)
Type : Suppression Inode 58723993
Fichier :  /home/bacou/torrents/other/The Story of Adele H/The Story Of Adele H.srt
Date : lundi 7 décembre 2015, 14:24:30 (UTC+0100)
Type : Suppression Inode 58723994
Fichier :  /home/bacou/torrents/other/The Story of Adele H/trailer.avi
Date : lundi 7 décembre 2015, 14:24:30 (UTC+0100)
Type : Suppression du Dossier
Dossier : /home/bacou/torrents/other/The Story of Adele H
_______________________________________________________________________________________
Date : lundi 7 décembre 2015, 14:24:30 (UTC+0100)
Type : Suppression Inode 58852218
Fichier :  /home/bacou/torrents/other/Un soir avec...Le regard de Georges Brassens-doc-french-ripadsl-xvid-Filocamo/Un soir avec...Le regard de Georges Brassens-doc-french-ripadsl-xvid-Filocamo.avi
Date : lundi 7 décembre 2015, 14:24:30 (UTC+0100)
Type : Suppression Inode 58852219
Fichier :  /home/bacou/torrents/other/Un soir avec...Le regard de Georges Brassens-doc-french-ripadsl-xvid-Filocamo/Un soir avec....le regard de Georges Brassens.nfo
Date : lundi 7 décembre 2015, 14:24:30 (UTC+0100)
Type : Suppression du Dossier
Dossier : /home/bacou/torrents/other/Un soir avec...Le regard de Georges Brassens-doc-french-ripadsl-xvid-Filocamo
_______________________________________________________________________________________
Date : lundi 7 décembre 2015, 14:24:30 (UTC+0100)
Type : Suppression Inode 58721613
Fichier :  /home/laurent/torrents/movie/Lucy.2014.TrueFrench.BDrip.x264.AWte@m/Lucy.2014.TrueFrench.BDrip.x264.AWte@m.mkv
Date : lundi 7 décembre 2015, 14:24:30 (UTC+0100)
Type : Suppression Inode 58721612
Fichier :  /home/laurent/torrents/movie/Lucy.2014.TrueFrench.BDrip.x264.AWte@m/Lucy.2014.TrueFrench.BDrip.x264.AWte@m.nfo
Date : lundi 7 décembre 2015, 14:24:30 (UTC+0100)
Type : Suppression du Dossier
Dossier : /home/laurent/torrents/movie/Lucy.2014.TrueFrench.BDrip.x264.AWte@m
_______________________________________________________________________________________
_______________________________________________________________________________________
Date : lundi 7 décembre 2015, 14:24:31 (UTC+0100)
Type : Suppression du Dossier
Dossier : /home/laurent/torrents/movie/On.a Failli.Etre.Amies.2014.FRENCH.BRRIP.XviD-oo0oo
_______________________________________________________________________________________
lundi 7 décembre 2015, 14:24:31 (UTC+0100) : Traitement de la liste de fichiers/dossiers terminée.

Date : lundi 7 décembre 2015, 14:25:24 (UTC+0100)
Type : Suppression du Dossier
Dossier : /home/gormson/torrents/tv/Marvel's Agents of S.H.I.E.L.D/Saison 3
_______________________________________________________________________________________
Date : lundi 7 décembre 2015, 14:25:24 (UTC+0100)
Type : Suppression du Dossier
Dossier : /home/gormson/torrents/tv/Marvel's Agents of S.H.I.E.L.D
_______________________________________________________________________________________
Date : lundi 7 décembre 2015, 14:25:24 (UTC+0100)
Type : Suppression Inode 58723586
Fichier :  /home/xavier/torrents/movie/Southpaw 2015 Multi BluRay 1080p DTS-HD MA 5.1 x264-HD Workshop/extrafanart/fanart1.jpg
Date : lundi 7 décembre 2015, 14:25:24 (UTC+0100)
Type : Suppression Inode 58723587
Fichier :  /home/xavier/torrents/movie/Southpaw 2015 Multi BluRay 1080p DTS-HD MA 5.1 x264-HD Workshop/extrafanart/fanart2.jpg
Date : lundi 7 décembre 2015, 14:25:24 (UTC+0100)
Type : Suppression Inode 58723588
Fichier :  /home/xavier/torrents/movie/Southpaw 2015 Multi BluRay 1080p DTS-HD MA 5.1 x264-HD Workshop/extrafanart/fanart3.jpg
Date : lundi 7 décembre 2015, 14:25:24 (UTC+0100)
Type : Suppression Inode 58723589
Fichier :  /home/xavier/torrents/movie/Southpaw 2015 Multi BluRay 1080p DTS-HD MA 5.1 x264-HD Workshop/extrafanart/fanart4.jpg
Date : lundi 7 décembre 2015, 14:25:25 (UTC+0100)
Type : Suppression Inode 58723590
Fichier :  /home/xavier/torrents/movie/Southpaw 2015 Multi BluRay 1080p DTS-HD MA 5.1 x264-HD Workshop/extrafanart/fanart5.jpg
Date : lundi 7 décembre 2015, 14:25:25 (UTC+0100)
Type : Suppression du Dossier
Dossier : /home/xavier/torrents/movie/Southpaw 2015 Multi BluRay 1080p DTS-HD MA 5.1 x264-HD Workshop/extrafanart
_______________________________________________________________________________________
Date : lundi 7 décembre 2015, 14:25:25 (UTC+0100)
Type : Suppression du Dossier
Dossier : /home/xavier/torrents/movie/Southpaw 2015 Multi BluRay 1080p DTS-HD MA 5.1 x264-HD Workshop
_______________________________________________________________________________________
Date : lundi 7 décembre 2015, 14:25:25 (UTC+0100)
Type : Suppression Inode 59244548
Fichier :  /home/xavier/torrents/tv/Marco.Polo.2014.S01.FRENCH.720p.WEBRip.x264-AUTHORiTY/Marco.Polo.2014.S01E01.FRENCH.720p.WEBRip.x264-AUTHORiTY/Marco.Polo.2014.S01E01.FRENCH.720p.WEBRip.x264-AUTHORiTY.nfo
Date : lundi 7 décembre 2015, 14:25:25 (UTC+0100)
Type : Suppression du Dossier
Dossier : /home/xavier/torrents/tv/Marco.Polo.2014.S01.FRENCH.720p.WEBRip.x264-AUTHORiTY/Marco.Polo.2014.S01E01.FRENCH.720p.WEBRip.x264-AUTHORiTY
_______________________________________________________________________________________
Date : lundi 7 décembre 2015, 14:25:26 (UTC+0100)
Type : Suppression Inode 59244551
Fichier :  /home/xavier/torrents/tv/Marco.Polo.2014.S01.FRENCH.720p.WEBRip.x264-AUTHORiTY/Marco.Polo.2014.S01E02.FRENCH.720p.WEBRip.x264-AUTHORiTY/Marco.Polo.2014.S01E02.FRENCH.720p.WEBRip.x264-AUTHORiTY.nfo
Date : lundi 7 décembre 2015, 14:25:26 (UTC+0100)
Type : Suppression du Dossier
Dossier : /home/xavier/torrents/tv/Marco.Polo.2014.S01.FRENCH.720p.WEBRip.x264-AUTHORiTY/Marco.Polo.2014.S01E02.FRENCH.720p.WEBRip.x264-AUTHORiTY
_______________________________________________________________________________________
Date : lundi 7 décembre 2015, 14:25:26 (UTC+0100)
Type : Suppression Inode 59244554
Fichier :  /home/xavier/torrents/tv/Marco.Polo.2014.S01.FRENCH.720p.WEBRip.x264-AUTHORiTY/Marco.Polo.2014.S01E03.FRENCH.720p.WEBRip.x264-AUTHORiTY/Marco.Polo.2014.S01E03.FRENCH.720p.WEBRip.x264-AUTHORiTY.nfo
Date : lundi 7 décembre 2015, 14:25:26 (UTC+0100)
Type : Suppression du Dossier
Dossier : /home/xavier/torrents/tv/Marco.Polo.2014.S01.FRENCH.720p.WEBRip.x264-AUTHORiTY/Marco.Polo.2014.S01E03.FRENCH.720p.WEBRip.x264-AUTHORiTY
_______________________________________________________________________________________
Date : lundi 7 décembre 2015, 14:25:27 (UTC+0100)
Type : Suppression Inode 59244557
Fichier :  /home/xavier/torrents/tv/Marco.Polo.2014.S01.FRENCH.720p.WEBRip.x264-AUTHORiTY/Marco.Polo.2014.S01E04.FRENCH.720p.WEBRip.x264-AUTHORiTY/Marco.Polo.2014.S01E04.FRENCH.720p.WEBRip.x264-AUTHORiTY.nfo
Date : lundi 7 décembre 2015, 14:25:27 (UTC+0100)
Type : Suppression du Dossier
Dossier : /home/xavier/torrents/tv/Marco.Polo.2014.S01.FRENCH.720p.WEBRip.x264-AUTHORiTY/Marco.Polo.2014.S01E04.FRENCH.720p.WEBRip.x264-AUTHORiTY
_______________________________________________________________________________________
Date : lundi 7 décembre 2015, 14:25:27 (UTC+0100)
Type : Suppression Inode 59244560
Fichier :  /home/xavier/torrents/tv/Marco.Polo.2014.S01.FRENCH.720p.WEBRip.x264-AUTHORiTY/Marco.Polo.2014.S01E05.FRENCH.720p.WEBRip.x264-AUTHORiTY/Marco.Polo.2014.S01E05.FRENCH.720p.WEBRip.x264-AUTHORiTY.nfo
Date : lundi 7 décembre 2015, 14:25:27 (UTC+0100)
Type : Suppression du Dossier
Dossier : /home/xavier/torrents/tv/Marco.Polo.2014.S01.FRENCH.720p.WEBRip.x264-AUTHORiTY/Marco.Polo.2014.S01E05.FRENCH.720p.WEBRip.x264-AUTHORiTY
_______________________________________________________________________________________
Date : lundi 7 décembre 2015, 14:25:28 (UTC+0100)
Type : Suppression Inode 59244563
Fichier :  /home/xavier/torrents/tv/Marco.Polo.2014.S01.FRENCH.720p.WEBRip.x264-AUTHORiTY/Marco.Polo.2014.S01E06.FRENCH.720p.WEBRip.x264-AUTHORiTY/Marco.Polo.2014.S01E06.FRENCH.720p.WEBRip.x264-AUTHORiTY.nfo
Date : lundi 7 décembre 2015, 14:25:28 (UTC+0100)
Type : Suppression du Dossier
Dossier : /home/xavier/torrents/tv/Marco.Polo.2014.S01.FRENCH.720p.WEBRip.x264-AUTHORiTY/Marco.Polo.2014.S01E06.FRENCH.720p.WEBRip.x264-AUTHORiTY
_______________________________________________________________________________________
Date : lundi 7 décembre 2015, 14:25:28 (UTC+0100)
Type : Suppression Inode 59244566
Fichier :  /home/xavier/torrents/tv/Marco.Polo.2014.S01.FRENCH.720p.WEBRip.x264-AUTHORiTY/Marco.Polo.2014.S01E07.FRENCH.720p.WEBRip.x264-AUTHORiTY/Marco.Polo.2014.S01E07.FRENCH.720p.WEBRip.x264-AUTHORiTY.nfo
Date : lundi 7 décembre 2015, 14:25:28 (UTC+0100)
Type : Suppression du Dossier
Dossier : /home/xavier/torrents/tv/Marco.Polo.2014.S01.FRENCH.720p.WEBRip.x264-AUTHORiTY/Marco.Polo.2014.S01E07.FRENCH.720p.WEBRip.x264-AUTHORiTY
_______________________________________________________________________________________
Date : lundi 7 décembre 2015, 14:25:29 (UTC+0100)
Type : Suppression Inode 59244569
Fichier :  /home/xavier/torrents/tv/Marco.Polo.2014.S01.FRENCH.720p.WEBRip.x264-AUTHORiTY/Marco.Polo.2014.S01E08.FRENCH.720p.WEBRip.x264-AUTHORiTY/Marco.Polo.2014.S01E08.FRENCH.720p.WEBRip.x264-AUTHORiTY.nfo
Date : lundi 7 décembre 2015, 14:25:29 (UTC+0100)
Type : Suppression du Dossier
Dossier : /home/xavier/torrents/tv/Marco.Polo.2014.S01.FRENCH.720p.WEBRip.x264-AUTHORiTY/Marco.Polo.2014.S01E08.FRENCH.720p.WEBRip.x264-AUTHORiTY
_______________________________________________________________________________________
Date : lundi 7 décembre 2015, 14:25:29 (UTC+0100)
Type : Suppression Inode 59244572
Fichier :  /home/xavier/torrents/tv/Marco.Polo.2014.S01.FRENCH.720p.WEBRip.x264-AUTHORiTY/Marco.Polo.2014.S01E09.FRENCH.720p.WEBRip.x264-AUTHORiTY/Marco.Polo.2014.S01E09.FRENCH.720p.WEBRip.x264-AUTHORiTY.nfo
Date : lundi 7 décembre 2015, 14:25:29 (UTC+0100)
Type : Suppression du Dossier
Dossier : /home/xavier/torrents/tv/Marco.Polo.2014.S01.FRENCH.720p.WEBRip.x264-AUTHORiTY/Marco.Polo.2014.S01E09.FRENCH.720p.WEBRip.x264-AUTHORiTY
_______________________________________________________________________________________
Date : lundi 7 décembre 2015, 14:25:30 (UTC+0100)
Type : Suppression Inode 59244575
Fichier :  /home/xavier/torrents/tv/Marco.Polo.2014.S01.FRENCH.720p.WEBRip.x264-AUTHORiTY/Marco.Polo.2014.S01E10.FiNAL.FRENCH.720p.WEBRip.x264-AUTHORiTY/Marco.Polo.2014.S01E10.FiNAL.FRENCH.720p.WEBRip.x264-AUTHORiTY.nfo
Date : lundi 7 décembre 2015, 14:25:30 (UTC+0100)
Type : Suppression du Dossier
Dossier : /home/xavier/torrents/tv/Marco.Polo.2014.S01.FRENCH.720p.WEBRip.x264-AUTHORiTY/Marco.Polo.2014.S01E10.FiNAL.FRENCH.720p.WEBRip.x264-AUTHORiTY
_______________________________________________________________________________________
Date : lundi 7 décembre 2015, 14:25:30 (UTC+0100)
Type : Suppression du Dossier
Dossier : /home/xavier/torrents/tv/Marco.Polo.2014.S01.FRENCH.720p.WEBRip.x264-AUTHORiTY
_______________________________________________________________________________________
Date : lundi 7 décembre 2015, 14:25:30 (UTC+0100)
Type : Suppression Inode 58853033
Fichier :  /home/xavier/torrents/tv/Vikings.S03E01.TRUEFRENCH.720p.HDTV.x264-LiBERTY/Sample/Vikings.S03E01.TRUEFRENCH.720p.HDTV.x264-LiBERTY.sample.mkv
Date : lundi 7 décembre 2015, 14:25:30 (UTC+0100)
Type : Suppression du Dossier
Dossier : /home/xavier/torrents/tv/Vikings.S03E01.TRUEFRENCH.720p.HDTV.x264-LiBERTY/Sample
_______________________________________________________________________________________
Date : lundi 7 décembre 2015, 14:25:30 (UTC+0100)
Type : Suppression du Dossier
Dossier : /home/xavier/torrents/tv/Vikings.S03E01.TRUEFRENCH.720p.HDTV.x264-LiBERTY
_______________________________________________________________________________________
Date : lundi 7 décembre 2015, 14:25:31 (UTC+0100)
Type : Suppression Inode 58721713
Fichier :  /home/fred/torrents/movie/The.Boxtrolls.2014.TRUEFRENCH.720p.BluRay.x264-LOST/the.boxtrolls.2014.truefrench.720p.bluray.x264-lost.nfo
Date : lundi 7 décembre 2015, 14:25:31 (UTC+0100)
Type : Suppression du Dossier
Dossier : /home/fred/torrents/movie/The.Boxtrolls.2014.TRUEFRENCH.720p.BluRay.x264-LOST
_______________________________________________________________________________________
_______________________________________________________________________________________
_______________________________________________________________________________________
Date : lundi 7 décembre 2015, 14:25:31 (UTC+0100)
Type : Suppression Inode 58723018
Fichier :  /home/fred/torrents/other/Art & Décoration N 506 - Juillet 2015.pdf
_______________________________________________________________________________________
Date : lundi 7 décembre 2015, 14:25:31 (UTC+0100)
Type : Suppression Inode 58723013
Fichier :  /home/fred/torrents/other/Capital N 286 - Juillet 2015.pdf
_______________________________________________________________________________________
Date : lundi 7 décembre 2015, 14:25:31 (UTC+0100)
Type : Suppression Inode 58723034
Fichier :  /home/fred/torrents/other/Comment ça Marche  N 61 - Juillet 2015.pdf
_______________________________________________________________________________________
Date : lundi 7 décembre 2015, 14:25:32 (UTC+0100)
Type : Suppression Inode 58720868
Fichier :  /home/fred/torrents/other/Déco Magazine N 61 - Juillet-Octobre 2015.pdf
_______________________________________________________________________________________
Date : lundi 7 décembre 2015, 14:25:32 (UTC+0100)
Type : Suppression Inode 58723029
Fichier :  /home/fred/torrents/other/décormag - Juillet-Aout 2015.pdf
_______________________________________________________________________________________
Date : lundi 7 décembre 2015, 14:25:32 (UTC+0100)
Type : Suppression Inode 58723069
Fichier :  /home/fred/torrents/other/Gnomes de Troy - T03 - CBR.cbr
_______________________________________________________________________________________
Date : lundi 7 décembre 2015, 14:25:32 (UTC+0100)
Type : Suppression Inode 58723046
Fichier :  /home/fred/torrents/other/Le magicien d'Oz - T1 à 3/Le magicien d'Oz - Volume 1.cbr
Date : lundi 7 décembre 2015, 14:25:32 (UTC+0100)
Type : Suppression Inode 58723044
Fichier :  /home/fred/torrents/other/Le magicien d'Oz - T1 à 3/Le magicien d'Oz - Volume 2.cbr
Date : lundi 7 décembre 2015, 14:25:32 (UTC+0100)
Type : Suppression Inode 58723045
Fichier :  /home/fred/torrents/other/Le magicien d'Oz - T1 à 3/Le magicien d'Oz - Volume 3.cbr
Date : lundi 7 décembre 2015, 14:25:32 (UTC+0100)
Type : Suppression du Dossier
Dossier : /home/fred/torrents/other/Le magicien d'Oz - T1 à 3
_______________________________________________________________________________________
Date : lundi 7 décembre 2015, 14:25:33 (UTC+0100)
Type : Suppression Inode 58723058
Fichier :  /home/fred/torrents/other/Les enfants d'ailleurs Tomes 1-5/[BD Fr] Les Enfants D'Ailleurs - T01 - Le Passage  2007.cbr
Date : lundi 7 décembre 2015, 14:25:33 (UTC+0100)
Type : Suppression Inode 58723059
Fichier :  /home/fred/torrents/other/Les enfants d'ailleurs Tomes 1-5/[BD Fr] Les Enfants D'Ailleurs - T02 - Les ombres.cbr
Date : lundi 7 décembre 2015, 14:25:33 (UTC+0100)
Type : Suppression Inode 58723057
Fichier :  /home/fred/torrents/other/Les enfants d'ailleurs Tomes 1-5/[BD Fr] Les Enfants D'Ailleurs - T03 - Le maître des ombres (1920).cbr
Date : lundi 7 décembre 2015, 14:25:33 (UTC+0100)
Type : Suppression Inode 58723055
Fichier :  /home/fred/torrents/other/Les enfants d'ailleurs Tomes 1-5/[BD Fr] Les Enfants D'Ailleurs - T04 - L'Appel.cbr
Date : lundi 7 décembre 2015, 14:25:33 (UTC+0100)
Type : Suppression Inode 58723056
Fichier :  /home/fred/torrents/other/Les enfants d'ailleurs Tomes 1-5/[BD Fr] Les Enfants D'ailleurs - T05 - Les larmes de l'autre monde (1920).cbr
Date : lundi 7 décembre 2015, 14:25:33 (UTC+0100)
Type : Suppression du Dossier
Dossier : /home/fred/torrents/other/Les enfants d'ailleurs Tomes 1-5
_______________________________________________________________________________________
Date : lundi 7 décembre 2015, 14:25:33 (UTC+0100)
Type : Suppression Inode 58721413
Fichier :  /home/fred/torrents/other/Pêche en Mer Hors-Série No.25 - Mars 2015.pdf
_______________________________________________________________________________________
Date : lundi 7 décembre 2015, 14:25:34 (UTC+0100)
Type : Suppression Inode 58723038
Fichier :  /home/fred/torrents/other/Pêche en Mer No.357 - Avril 2015.pdf
_______________________________________________________________________________________
Date : lundi 7 décembre 2015, 14:25:34 (UTC+0100)
Type : Suppression Inode 58722905
Fichier :  /home/bacou/torrents/movie/Le Hobbit La bataille des cinq armees (2014) [1080] MULTi BluRay x264-PopHD.mkv
_______________________________________________________________________________________
Date : lundi 7 décembre 2015, 14:25:34 (UTC+0100)
Type : Suppression Inode 58723996
Fichier :  /home/bacou/torrents/other/ARTE Documentaire PICASSO, L INVENTAIRE D'UNE VIE TVripHD.mp4
_______________________________________________________________________________________
Date : lundi 7 décembre 2015, 14:25:34 (UTC+0100)
Type : Suppression Inode 58722455
Fichier :  /home/bacou/torrents/other/Brel, Brassens, Ferré, trois hommes sur la photo.avi
_______________________________________________________________________________________
Date : lundi 7 décembre 2015, 14:25:34 (UTC+0100)
Type : Suppression Inode 58852225
Fichier :  /home/bacou/torrents/other/Hommage à Jean Ferrat - 2010 - TV RIP/Hommage à Jean Ferrat (1).avi
Date : lundi 7 décembre 2015, 14:25:34 (UTC+0100)
Type : Suppression Inode 58852224
Fichier :  /home/bacou/torrents/other/Hommage à Jean Ferrat - 2010 - TV RIP/Hommage à Jean Ferrat (2).avi
Date : lundi 7 décembre 2015, 14:25:35 (UTC+0100)
Type : Suppression Inode 58852226
Fichier :  /home/bacou/torrents/other/Hommage à Jean Ferrat - 2010 - TV RIP/Hommage à Jean Ferrat (3).avi
Date : lundi 7 décembre 2015, 14:25:35 (UTC+0100)
Type : Suppression Inode 58852227
Fichier :  /home/bacou/torrents/other/Hommage à Jean Ferrat - 2010 - TV RIP/Hommage à Jean Ferrat (4).avi
Date : lundi 7 décembre 2015, 14:25:35 (UTC+0100)
Type : Suppression Inode 58852228
Fichier :  /home/bacou/torrents/other/Hommage à Jean Ferrat - 2010 - TV RIP/Hommage à Jean Ferrat.nfo
Date : lundi 7 décembre 2015, 14:25:35 (UTC+0100)
Type : Suppression du Dossier
Dossier : /home/bacou/torrents/other/Hommage à Jean Ferrat - 2010 - TV RIP
_______________________________________________________________________________________
Date : lundi 7 décembre 2015, 14:25:35 (UTC+0100)
Type : Suppression Inode 58723123
Fichier :  /home/bacou/torrents/other/Jacques Brel - J'aime les Belges ! 2008 FRENCH DVDRip LegoRayman.VOB
_______________________________________________________________________________________
Date : lundi 7 décembre 2015, 14:25:35 (UTC+0100)
Type : Suppression Inode 58723956
Fichier :  /home/bacou/torrents/other/Jupiter Ascending (2015) MULTi-VF2 [1080p] BluRay x264-PopHD (Le Destin de l'univers).mkv
_______________________________________________________________________________________
Date : lundi 7 décembre 2015, 14:25:36 (UTC+0100)
Type : Suppression Inode 58852576
Fichier :  /home/bacou/torrents/other/Men of War Vietnam Special Edition MULTi7-PROPHET/ppt-mwvm.iso
Date : lundi 7 décembre 2015, 14:25:36 (UTC+0100)
Type : Suppression Inode 58852577
Fichier :  /home/bacou/torrents/other/Men of War Vietnam Special Edition MULTi7-PROPHET/prophet.nfo
Date : lundi 7 décembre 2015, 14:25:36 (UTC+0100)
Type : Suppression du Dossier
Dossier : /home/bacou/torrents/other/Men of War Vietnam Special Edition MULTi7-PROPHET
_______________________________________________________________________________________
Date : lundi 7 décembre 2015, 14:25:36 (UTC+0100)
Type : Suppression Inode 58852617
Fichier :  /home/bacou/torrents/other/Microsoft Windows 7 [Portable] FR-Canada LiveOS v2/Instructions.nfo
Date : lundi 7 décembre 2015, 14:25:36 (UTC+0100)
Type : Suppression Inode 58852611
Fichier :  /home/bacou/torrents/other/Microsoft Windows 7 [Portable] FR-Canada LiveOS v2/Win7x64_fr-ca_LiveOS.ISO
Date : lundi 7 décembre 2015, 14:25:36 (UTC+0100)
Type : Suppression Inode 58852614
Fichier :  /home/bacou/torrents/other/Microsoft Windows 7 [Portable] FR-Canada LiveOS v2/Win7x86_fr-ca_LiveOS.ISO
Date : lundi 7 décembre 2015, 14:25:36 (UTC+0100)
Type : Suppression Inode 58852616
Fichier :  /home/bacou/torrents/other/Microsoft Windows 7 [Portable] FR-Canada LiveOS v2/Windows7-LiveOS.png
Date : lundi 7 décembre 2015, 14:25:37 (UTC+0100)
Type : Suppression Inode 58852615
Fichier :  /home/bacou/torrents/other/Microsoft Windows 7 [Portable] FR-Canada LiveOS v2/Windows7-USB-DVD-tool.exe
Date : lundi 7 décembre 2015, 14:25:37 (UTC+0100)
Type : Suppression du Dossier
Dossier : /home/bacou/torrents/other/Microsoft Windows 7 [Portable] FR-Canada LiveOS v2
_______________________________________________________________________________________
Date : lundi 7 décembre 2015, 14:25:37 (UTC+0100)
Type : Suppression Inode 58852221
Fichier :  /home/bacou/torrents/other/Nous nous sommes tant aimés - Jean Ferrat.France 3.TVRIP.XVID/Documentaire - Français - Nous nous sommes tant aimés - Jean Ferrat - 1l2 Fr3.2010-08-07 Clo2.avi
Date : lundi 7 décembre 2015, 14:25:37 (UTC+0100)
Type : Suppression Inode 58852222
Fichier :  /home/bacou/torrents/other/Nous nous sommes tant aimés - Jean Ferrat.France 3.TVRIP.XVID/Documentaire - Français - Nous nous sommes tant aimés - Jean Ferrat - 2l2 Fr3.2010-08-08 Clo2.avi
Date : lundi 7 décembre 2015, 14:25:37 (UTC+0100)
Type : Suppression du Dossier
Dossier : /home/bacou/torrents/other/Nous nous sommes tant aimés - Jean Ferrat.France 3.TVRIP.XVID
_______________________________________________________________________________________
Date : lundi 7 décembre 2015, 14:25:37 (UTC+0100)
Type : Suppression Inode 58723991
Fichier :  /home/bacou/torrents/other/The Story of Adele H/The Story of Adele H.avi
Date : lundi 7 décembre 2015, 14:25:37 (UTC+0100)
Type : Suppression Inode 58723993
Fichier :  /home/bacou/torrents/other/The Story of Adele H/The Story Of Adele H.srt
Date : lundi 7 décembre 2015, 14:25:37 (UTC+0100)
Type : Suppression Inode 58723994
Fichier :  /home/bacou/torrents/other/The Story of Adele H/trailer.avi
Date : lundi 7 décembre 2015, 14:25:37 (UTC+0100)
Type : Suppression du Dossier
Dossier : /home/bacou/torrents/other/The Story of Adele H
_______________________________________________________________________________________
Date : lundi 7 décembre 2015, 14:25:38 (UTC+0100)
Type : Suppression Inode 58852218
Fichier :  /home/bacou/torrents/other/Un soir avec...Le regard de Georges Brassens-doc-french-ripadsl-xvid-Filocamo/Un soir avec...Le regard de Georges Brassens-doc-french-ripadsl-xvid-Filocamo.avi
Date : lundi 7 décembre 2015, 14:25:38 (UTC+0100)
Type : Suppression Inode 58852219
Fichier :  /home/bacou/torrents/other/Un soir avec...Le regard de Georges Brassens-doc-french-ripadsl-xvid-Filocamo/Un soir avec....le regard de Georges Brassens.nfo
Date : lundi 7 décembre 2015, 14:25:38 (UTC+0100)
Type : Suppression du Dossier
Dossier : /home/bacou/torrents/other/Un soir avec...Le regard de Georges Brassens-doc-french-ripadsl-xvid-Filocamo
_______________________________________________________________________________________
Date : lundi 7 décembre 2015, 14:25:38 (UTC+0100)
Type : Suppression Inode 58721613
Fichier :  /home/laurent/torrents/movie/Lucy.2014.TrueFrench.BDrip.x264.AWte@m/Lucy.2014.TrueFrench.BDrip.x264.AWte@m.mkv
Date : lundi 7 décembre 2015, 14:25:38 (UTC+0100)
Type : Suppression Inode 58721612
Fichier :  /home/laurent/torrents/movie/Lucy.2014.TrueFrench.BDrip.x264.AWte@m/Lucy.2014.TrueFrench.BDrip.x264.AWte@m.nfo
Date : lundi 7 décembre 2015, 14:25:38 (UTC+0100)
Type : Suppression du Dossier
Dossier : /home/laurent/torrents/movie/Lucy.2014.TrueFrench.BDrip.x264.AWte@m
_______________________________________________________________________________________
_______________________________________________________________________________________
Date : lundi 7 décembre 2015, 14:25:38 (UTC+0100)
Type : Suppression du Dossier
Dossier : /home/laurent/torrents/movie/On.a Failli.Etre.Amies.2014.FRENCH.BRRIP.XviD-oo0oo
_______________________________________________________________________________________
lundi 7 décembre 2015, 14:25:38 (UTC+0100) : Traitement de la liste de fichiers/dossiers terminée.

Date : lundi 7 décembre 2015, 14:27:09 (UTC+0100)
Type : Suppression du Dossier
Dossier : /home/gormson/torrents/tv/Marvel's Agents of S.H.I.E.L.D/Saison 3
_______________________________________________________________________________________
Date : lundi 7 décembre 2015, 14:27:09 (UTC+0100)
Type : Suppression du Dossier
Dossier : /home/gormson/torrents/tv/Marvel's Agents of S.H.I.E.L.D
_______________________________________________________________________________________
Date : lundi 7 décembre 2015, 14:27:10 (UTC+0100)
Type : Suppression Inode 58723586
Fichier :  /home/xavier/torrents/movie/Southpaw 2015 Multi BluRay 1080p DTS-HD MA 5.1 x264-HD Workshop/extrafanart/fanart1.jpg
Date : lundi 7 décembre 2015, 14:27:10 (UTC+0100)
Type : Suppression Inode 58723587
Fichier :  /home/xavier/torrents/movie/Southpaw 2015 Multi BluRay 1080p DTS-HD MA 5.1 x264-HD Workshop/extrafanart/fanart2.jpg
Date : lundi 7 décembre 2015, 14:27:10 (UTC+0100)
Type : Suppression Inode 58723588
Fichier :  /home/xavier/torrents/movie/Southpaw 2015 Multi BluRay 1080p DTS-HD MA 5.1 x264-HD Workshop/extrafanart/fanart3.jpg
Date : lundi 7 décembre 2015, 14:27:10 (UTC+0100)
Type : Suppression Inode 58723589
Fichier :  /home/xavier/torrents/movie/Southpaw 2015 Multi BluRay 1080p DTS-HD MA 5.1 x264-HD Workshop/extrafanart/fanart4.jpg
Date : lundi 7 décembre 2015, 14:27:10 (UTC+0100)
Type : Suppression Inode 58723590
Fichier :  /home/xavier/torrents/movie/Southpaw 2015 Multi BluRay 1080p DTS-HD MA 5.1 x264-HD Workshop/extrafanart/fanart5.jpg
Date : lundi 7 décembre 2015, 14:27:10 (UTC+0100)
Type : Suppression du Dossier
Dossier : /home/xavier/torrents/movie/Southpaw 2015 Multi BluRay 1080p DTS-HD MA 5.1 x264-HD Workshop/extrafanart
_______________________________________________________________________________________
Date : lundi 7 décembre 2015, 14:27:10 (UTC+0100)
Type : Suppression du Dossier
Dossier : /home/xavier/torrents/movie/Southpaw 2015 Multi BluRay 1080p DTS-HD MA 5.1 x264-HD Workshop
_______________________________________________________________________________________
Date : lundi 7 décembre 2015, 14:27:11 (UTC+0100)
Type : Suppression Inode 59244548
Fichier :  /home/xavier/torrents/tv/Marco.Polo.2014.S01.FRENCH.720p.WEBRip.x264-AUTHORiTY/Marco.Polo.2014.S01E01.FRENCH.720p.WEBRip.x264-AUTHORiTY/Marco.Polo.2014.S01E01.FRENCH.720p.WEBRip.x264-AUTHORiTY.nfo
Date : lundi 7 décembre 2015, 14:27:11 (UTC+0100)
Type : Suppression du Dossier
Dossier : /home/xavier/torrents/tv/Marco.Polo.2014.S01.FRENCH.720p.WEBRip.x264-AUTHORiTY/Marco.Polo.2014.S01E01.FRENCH.720p.WEBRip.x264-AUTHORiTY
_______________________________________________________________________________________
Date : lundi 7 décembre 2015, 14:27:11 (UTC+0100)
Type : Suppression Inode 59244551
Fichier :  /home/xavier/torrents/tv/Marco.Polo.2014.S01.FRENCH.720p.WEBRip.x264-AUTHORiTY/Marco.Polo.2014.S01E02.FRENCH.720p.WEBRip.x264-AUTHORiTY/Marco.Polo.2014.S01E02.FRENCH.720p.WEBRip.x264-AUTHORiTY.nfo
Date : lundi 7 décembre 2015, 14:27:11 (UTC+0100)
Type : Suppression du Dossier
Dossier : /home/xavier/torrents/tv/Marco.Polo.2014.S01.FRENCH.720p.WEBRip.x264-AUTHORiTY/Marco.Polo.2014.S01E02.FRENCH.720p.WEBRip.x264-AUTHORiTY
_______________________________________________________________________________________
Date : lundi 7 décembre 2015, 14:27:12 (UTC+0100)
Type : Suppression Inode 59244554
Fichier :  /home/xavier/torrents/tv/Marco.Polo.2014.S01.FRENCH.720p.WEBRip.x264-AUTHORiTY/Marco.Polo.2014.S01E03.FRENCH.720p.WEBRip.x264-AUTHORiTY/Marco.Polo.2014.S01E03.FRENCH.720p.WEBRip.x264-AUTHORiTY.nfo
Date : lundi 7 décembre 2015, 14:27:12 (UTC+0100)
Type : Suppression du Dossier
Dossier : /home/xavier/torrents/tv/Marco.Polo.2014.S01.FRENCH.720p.WEBRip.x264-AUTHORiTY/Marco.Polo.2014.S01E03.FRENCH.720p.WEBRip.x264-AUTHORiTY
_______________________________________________________________________________________
Date : lundi 7 décembre 2015, 14:27:12 (UTC+0100)
Type : Suppression Inode 59244557
Fichier :  /home/xavier/torrents/tv/Marco.Polo.2014.S01.FRENCH.720p.WEBRip.x264-AUTHORiTY/Marco.Polo.2014.S01E04.FRENCH.720p.WEBRip.x264-AUTHORiTY/Marco.Polo.2014.S01E04.FRENCH.720p.WEBRip.x264-AUTHORiTY.nfo
Date : lundi 7 décembre 2015, 14:27:12 (UTC+0100)
Type : Suppression du Dossier
Dossier : /home/xavier/torrents/tv/Marco.Polo.2014.S01.FRENCH.720p.WEBRip.x264-AUTHORiTY/Marco.Polo.2014.S01E04.FRENCH.720p.WEBRip.x264-AUTHORiTY
_______________________________________________________________________________________
Date : lundi 7 décembre 2015, 14:27:13 (UTC+0100)
Type : Suppression Inode 59244560
Fichier :  /home/xavier/torrents/tv/Marco.Polo.2014.S01.FRENCH.720p.WEBRip.x264-AUTHORiTY/Marco.Polo.2014.S01E05.FRENCH.720p.WEBRip.x264-AUTHORiTY/Marco.Polo.2014.S01E05.FRENCH.720p.WEBRip.x264-AUTHORiTY.nfo
Date : lundi 7 décembre 2015, 14:27:13 (UTC+0100)
Type : Suppression du Dossier
Dossier : /home/xavier/torrents/tv/Marco.Polo.2014.S01.FRENCH.720p.WEBRip.x264-AUTHORiTY/Marco.Polo.2014.S01E05.FRENCH.720p.WEBRip.x264-AUTHORiTY
_______________________________________________________________________________________
Date : lundi 7 décembre 2015, 14:27:13 (UTC+0100)
Type : Suppression Inode 59244563
Fichier :  /home/xavier/torrents/tv/Marco.Polo.2014.S01.FRENCH.720p.WEBRip.x264-AUTHORiTY/Marco.Polo.2014.S01E06.FRENCH.720p.WEBRip.x264-AUTHORiTY/Marco.Polo.2014.S01E06.FRENCH.720p.WEBRip.x264-AUTHORiTY.nfo
Date : lundi 7 décembre 2015, 14:27:13 (UTC+0100)
Type : Suppression du Dossier
Dossier : /home/xavier/torrents/tv/Marco.Polo.2014.S01.FRENCH.720p.WEBRip.x264-AUTHORiTY/Marco.Polo.2014.S01E06.FRENCH.720p.WEBRip.x264-AUTHORiTY
_______________________________________________________________________________________
Date : lundi 7 décembre 2015, 14:27:14 (UTC+0100)
Type : Suppression Inode 59244566
Fichier :  /home/xavier/torrents/tv/Marco.Polo.2014.S01.FRENCH.720p.WEBRip.x264-AUTHORiTY/Marco.Polo.2014.S01E07.FRENCH.720p.WEBRip.x264-AUTHORiTY/Marco.Polo.2014.S01E07.FRENCH.720p.WEBRip.x264-AUTHORiTY.nfo
Date : lundi 7 décembre 2015, 14:27:14 (UTC+0100)
Type : Suppression du Dossier
Dossier : /home/xavier/torrents/tv/Marco.Polo.2014.S01.FRENCH.720p.WEBRip.x264-AUTHORiTY/Marco.Polo.2014.S01E07.FRENCH.720p.WEBRip.x264-AUTHORiTY
_______________________________________________________________________________________
Date : lundi 7 décembre 2015, 14:27:14 (UTC+0100)
Type : Suppression Inode 59244569
Fichier :  /home/xavier/torrents/tv/Marco.Polo.2014.S01.FRENCH.720p.WEBRip.x264-AUTHORiTY/Marco.Polo.2014.S01E08.FRENCH.720p.WEBRip.x264-AUTHORiTY/Marco.Polo.2014.S01E08.FRENCH.720p.WEBRip.x264-AUTHORiTY.nfo
Date : lundi 7 décembre 2015, 14:27:14 (UTC+0100)
Type : Suppression du Dossier
Dossier : /home/xavier/torrents/tv/Marco.Polo.2014.S01.FRENCH.720p.WEBRip.x264-AUTHORiTY/Marco.Polo.2014.S01E08.FRENCH.720p.WEBRip.x264-AUTHORiTY
_______________________________________________________________________________________
Date : lundi 7 décembre 2015, 14:27:15 (UTC+0100)
Type : Suppression Inode 59244572
Fichier :  /home/xavier/torrents/tv/Marco.Polo.2014.S01.FRENCH.720p.WEBRip.x264-AUTHORiTY/Marco.Polo.2014.S01E09.FRENCH.720p.WEBRip.x264-AUTHORiTY/Marco.Polo.2014.S01E09.FRENCH.720p.WEBRip.x264-AUTHORiTY.nfo
Date : lundi 7 décembre 2015, 14:27:15 (UTC+0100)
Type : Suppression du Dossier
Dossier : /home/xavier/torrents/tv/Marco.Polo.2014.S01.FRENCH.720p.WEBRip.x264-AUTHORiTY/Marco.Polo.2014.S01E09.FRENCH.720p.WEBRip.x264-AUTHORiTY
_______________________________________________________________________________________
Date : lundi 7 décembre 2015, 14:27:15 (UTC+0100)
Type : Suppression Inode 59244575
Fichier :  /home/xavier/torrents/tv/Marco.Polo.2014.S01.FRENCH.720p.WEBRip.x264-AUTHORiTY/Marco.Polo.2014.S01E10.FiNAL.FRENCH.720p.WEBRip.x264-AUTHORiTY/Marco.Polo.2014.S01E10.FiNAL.FRENCH.720p.WEBRip.x264-AUTHORiTY.nfo
Date : lundi 7 décembre 2015, 14:27:15 (UTC+0100)
Type : Suppression du Dossier
Dossier : /home/xavier/torrents/tv/Marco.Polo.2014.S01.FRENCH.720p.WEBRip.x264-AUTHORiTY/Marco.Polo.2014.S01E10.FiNAL.FRENCH.720p.WEBRip.x264-AUTHORiTY
_______________________________________________________________________________________
Date : lundi 7 décembre 2015, 14:27:16 (UTC+0100)
Type : Suppression du Dossier
Dossier : /home/xavier/torrents/tv/Marco.Polo.2014.S01.FRENCH.720p.WEBRip.x264-AUTHORiTY
_______________________________________________________________________________________
Date : lundi 7 décembre 2015, 14:27:16 (UTC+0100)
Type : Suppression Inode 58853033
Fichier :  /home/xavier/torrents/tv/Vikings.S03E01.TRUEFRENCH.720p.HDTV.x264-LiBERTY/Sample/Vikings.S03E01.TRUEFRENCH.720p.HDTV.x264-LiBERTY.sample.mkv
Date : lundi 7 décembre 2015, 14:27:16 (UTC+0100)
Type : Suppression du Dossier
Dossier : /home/xavier/torrents/tv/Vikings.S03E01.TRUEFRENCH.720p.HDTV.x264-LiBERTY/Sample
_______________________________________________________________________________________
Date : lundi 7 décembre 2015, 14:27:16 (UTC+0100)
Type : Suppression du Dossier
Dossier : /home/xavier/torrents/tv/Vikings.S03E01.TRUEFRENCH.720p.HDTV.x264-LiBERTY
_______________________________________________________________________________________
Date : lundi 7 décembre 2015, 14:27:16 (UTC+0100)
Type : Suppression Inode 58721713
Fichier :  /home/fred/torrents/movie/The.Boxtrolls.2014.TRUEFRENCH.720p.BluRay.x264-LOST/the.boxtrolls.2014.truefrench.720p.bluray.x264-lost.nfo
Date : lundi 7 décembre 2015, 14:27:16 (UTC+0100)
Type : Suppression du Dossier
Dossier : /home/fred/torrents/movie/The.Boxtrolls.2014.TRUEFRENCH.720p.BluRay.x264-LOST
_______________________________________________________________________________________
_______________________________________________________________________________________
_______________________________________________________________________________________
Date : lundi 7 décembre 2015, 14:27:17 (UTC+0100)
Type : Suppression Inode 58723018
Fichier :  /home/fred/torrents/other/Art & Décoration N 506 - Juillet 2015.pdf
_______________________________________________________________________________________
Date : lundi 7 décembre 2015, 14:27:17 (UTC+0100)
Type : Suppression Inode 58723013
Fichier :  /home/fred/torrents/other/Capital N 286 - Juillet 2015.pdf
_______________________________________________________________________________________
Date : lundi 7 décembre 2015, 14:27:17 (UTC+0100)
Type : Suppression Inode 58723034
Fichier :  /home/fred/torrents/other/Comment ça Marche  N 61 - Juillet 2015.pdf
_______________________________________________________________________________________
Date : lundi 7 décembre 2015, 14:27:17 (UTC+0100)
Type : Suppression Inode 58720868
Fichier :  /home/fred/torrents/other/Déco Magazine N 61 - Juillet-Octobre 2015.pdf
_______________________________________________________________________________________
Date : lundi 7 décembre 2015, 14:27:17 (UTC+0100)
Type : Suppression Inode 58723029
Fichier :  /home/fred/torrents/other/décormag - Juillet-Aout 2015.pdf
_______________________________________________________________________________________
Date : lundi 7 décembre 2015, 14:27:17 (UTC+0100)
Type : Suppression Inode 58723069
Fichier :  /home/fred/torrents/other/Gnomes de Troy - T03 - CBR.cbr
_______________________________________________________________________________________
Date : lundi 7 décembre 2015, 14:27:18 (UTC+0100)
Type : Suppression Inode 58723046
Fichier :  /home/fred/torrents/other/Le magicien d'Oz - T1 à 3/Le magicien d'Oz - Volume 1.cbr
Date : lundi 7 décembre 2015, 14:27:18 (UTC+0100)
Type : Suppression Inode 58723044
Fichier :  /home/fred/torrents/other/Le magicien d'Oz - T1 à 3/Le magicien d'Oz - Volume 2.cbr
Date : lundi 7 décembre 2015, 14:27:18 (UTC+0100)
Type : Suppression Inode 58723045
Fichier :  /home/fred/torrents/other/Le magicien d'Oz - T1 à 3/Le magicien d'Oz - Volume 3.cbr
Date : lundi 7 décembre 2015, 14:27:18 (UTC+0100)
Type : Suppression du Dossier
Dossier : /home/fred/torrents/other/Le magicien d'Oz - T1 à 3
_______________________________________________________________________________________
Date : lundi 7 décembre 2015, 14:27:18 (UTC+0100)
Type : Suppression Inode 58723058
Fichier :  /home/fred/torrents/other/Les enfants d'ailleurs Tomes 1-5/[BD Fr] Les Enfants D'Ailleurs - T01 - Le Passage  2007.cbr
Date : lundi 7 décembre 2015, 14:27:18 (UTC+0100)
Type : Suppression Inode 58723059
Fichier :  /home/fred/torrents/other/Les enfants d'ailleurs Tomes 1-5/[BD Fr] Les Enfants D'Ailleurs - T02 - Les ombres.cbr
Date : lundi 7 décembre 2015, 14:27:19 (UTC+0100)
Type : Suppression Inode 58723057
Fichier :  /home/fred/torrents/other/Les enfants d'ailleurs Tomes 1-5/[BD Fr] Les Enfants D'Ailleurs - T03 - Le maître des ombres (1920).cbr
Date : lundi 7 décembre 2015, 14:27:19 (UTC+0100)
Type : Suppression Inode 58723055
Fichier :  /home/fred/torrents/other/Les enfants d'ailleurs Tomes 1-5/[BD Fr] Les Enfants D'Ailleurs - T04 - L'Appel.cbr
Date : lundi 7 décembre 2015, 14:27:19 (UTC+0100)
Type : Suppression Inode 58723056
Fichier :  /home/fred/torrents/other/Les enfants d'ailleurs Tomes 1-5/[BD Fr] Les Enfants D'ailleurs - T05 - Les larmes de l'autre monde (1920).cbr
Date : lundi 7 décembre 2015, 14:27:19 (UTC+0100)
Type : Suppression du Dossier
Dossier : /home/fred/torrents/other/Les enfants d'ailleurs Tomes 1-5
_______________________________________________________________________________________
Date : lundi 7 décembre 2015, 14:27:19 (UTC+0100)
Type : Suppression Inode 58721413
Fichier :  /home/fred/torrents/other/Pêche en Mer Hors-Série No.25 - Mars 2015.pdf
_______________________________________________________________________________________
Date : lundi 7 décembre 2015, 14:27:19 (UTC+0100)
Type : Suppression Inode 58723038
Fichier :  /home/fred/torrents/other/Pêche en Mer No.357 - Avril 2015.pdf
_______________________________________________________________________________________
Date : lundi 7 décembre 2015, 14:27:19 (UTC+0100)
Type : Suppression Inode 58722905
Fichier :  /home/bacou/torrents/movie/Le Hobbit La bataille des cinq armees (2014) [1080] MULTi BluRay x264-PopHD.mkv
_______________________________________________________________________________________
Date : lundi 7 décembre 2015, 14:27:20 (UTC+0100)
Type : Suppression Inode 58723996
Fichier :  /home/bacou/torrents/other/ARTE Documentaire PICASSO, L INVENTAIRE D'UNE VIE TVripHD.mp4
_______________________________________________________________________________________
Date : lundi 7 décembre 2015, 14:27:20 (UTC+0100)
Type : Suppression Inode 58722455
Fichier :  /home/bacou/torrents/other/Brel, Brassens, Ferré, trois hommes sur la photo.avi
_______________________________________________________________________________________
Date : lundi 7 décembre 2015, 14:27:20 (UTC+0100)
Type : Suppression Inode 58852225
Fichier :  /home/bacou/torrents/other/Hommage à Jean Ferrat - 2010 - TV RIP/Hommage à Jean Ferrat (1).avi
Date : lundi 7 décembre 2015, 14:27:20 (UTC+0100)
Type : Suppression Inode 58852224
Fichier :  /home/bacou/torrents/other/Hommage à Jean Ferrat - 2010 - TV RIP/Hommage à Jean Ferrat (2).avi
Date : lundi 7 décembre 2015, 14:27:20 (UTC+0100)
Type : Suppression Inode 58852226
Fichier :  /home/bacou/torrents/other/Hommage à Jean Ferrat - 2010 - TV RIP/Hommage à Jean Ferrat (3).avi
Date : lundi 7 décembre 2015, 14:27:20 (UTC+0100)
Type : Suppression Inode 58852227
Fichier :  /home/bacou/torrents/other/Hommage à Jean Ferrat - 2010 - TV RIP/Hommage à Jean Ferrat (4).avi
Date : lundi 7 décembre 2015, 14:27:21 (UTC+0100)
Type : Suppression Inode 58852228
Fichier :  /home/bacou/torrents/other/Hommage à Jean Ferrat - 2010 - TV RIP/Hommage à Jean Ferrat.nfo
Date : lundi 7 décembre 2015, 14:27:21 (UTC+0100)
Type : Suppression du Dossier
Dossier : /home/bacou/torrents/other/Hommage à Jean Ferrat - 2010 - TV RIP
_______________________________________________________________________________________
Date : lundi 7 décembre 2015, 14:27:21 (UTC+0100)
Type : Suppression Inode 58723123
Fichier :  /home/bacou/torrents/other/Jacques Brel - J'aime les Belges ! 2008 FRENCH DVDRip LegoRayman.VOB
_______________________________________________________________________________________
Date : lundi 7 décembre 2015, 14:27:21 (UTC+0100)
Type : Suppression Inode 58723956
Fichier :  /home/bacou/torrents/other/Jupiter Ascending (2015) MULTi-VF2 [1080p] BluRay x264-PopHD (Le Destin de l'univers).mkv
_______________________________________________________________________________________
Date : lundi 7 décembre 2015, 14:27:21 (UTC+0100)
Type : Suppression Inode 58852576
Fichier :  /home/bacou/torrents/other/Men of War Vietnam Special Edition MULTi7-PROPHET/ppt-mwvm.iso
Date : lundi 7 décembre 2015, 14:27:21 (UTC+0100)
Type : Suppression Inode 58852577
Fichier :  /home/bacou/torrents/other/Men of War Vietnam Special Edition MULTi7-PROPHET/prophet.nfo
Date : lundi 7 décembre 2015, 14:27:21 (UTC+0100)
Type : Suppression du Dossier
Dossier : /home/bacou/torrents/other/Men of War Vietnam Special Edition MULTi7-PROPHET
_______________________________________________________________________________________
Date : lundi 7 décembre 2015, 14:27:21 (UTC+0100)
Type : Suppression Inode 58852617
Fichier :  /home/bacou/torrents/other/Microsoft Windows 7 [Portable] FR-Canada LiveOS v2/Instructions.nfo
Date : lundi 7 décembre 2015, 14:27:22 (UTC+0100)
Type : Suppression Inode 58852611
Fichier :  /home/bacou/torrents/other/Microsoft Windows 7 [Portable] FR-Canada LiveOS v2/Win7x64_fr-ca_LiveOS.ISO
Date : lundi 7 décembre 2015, 14:27:22 (UTC+0100)
Type : Suppression Inode 58852614
Fichier :  /home/bacou/torrents/other/Microsoft Windows 7 [Portable] FR-Canada LiveOS v2/Win7x86_fr-ca_LiveOS.ISO
Date : lundi 7 décembre 2015, 14:27:22 (UTC+0100)
Type : Suppression Inode 58852616
Fichier :  /home/bacou/torrents/other/Microsoft Windows 7 [Portable] FR-Canada LiveOS v2/Windows7-LiveOS.png
Date : lundi 7 décembre 2015, 14:27:22 (UTC+0100)
Type : Suppression Inode 58852615
Fichier :  /home/bacou/torrents/other/Microsoft Windows 7 [Portable] FR-Canada LiveOS v2/Windows7-USB-DVD-tool.exe
Date : lundi 7 décembre 2015, 14:27:22 (UTC+0100)
Type : Suppression du Dossier
Dossier : /home/bacou/torrents/other/Microsoft Windows 7 [Portable] FR-Canada LiveOS v2
_______________________________________________________________________________________
Date : lundi 7 décembre 2015, 14:27:22 (UTC+0100)
Type : Suppression Inode 58852221
Fichier :  /home/bacou/torrents/other/Nous nous sommes tant aimés - Jean Ferrat.France 3.TVRIP.XVID/Documentaire - Français - Nous nous sommes tant aimés - Jean Ferrat - 1l2 Fr3.2010-08-07 Clo2.avi
Date : lundi 7 décembre 2015, 14:27:22 (UTC+0100)
Type : Suppression Inode 58852222
Fichier :  /home/bacou/torrents/other/Nous nous sommes tant aimés - Jean Ferrat.France 3.TVRIP.XVID/Documentaire - Français - Nous nous sommes tant aimés - Jean Ferrat - 2l2 Fr3.2010-08-08 Clo2.avi
Date : lundi 7 décembre 2015, 14:27:23 (UTC+0100)
Type : Suppression du Dossier
Dossier : /home/bacou/torrents/other/Nous nous sommes tant aimés - Jean Ferrat.France 3.TVRIP.XVID
_______________________________________________________________________________________
Date : lundi 7 décembre 2015, 14:27:23 (UTC+0100)
Type : Suppression Inode 58723991
Fichier :  /home/bacou/torrents/other/The Story of Adele H/The Story of Adele H.avi
Date : lundi 7 décembre 2015, 14:27:23 (UTC+0100)
Type : Suppression Inode 58723993
Fichier :  /home/bacou/torrents/other/The Story of Adele H/The Story Of Adele H.srt
Date : lundi 7 décembre 2015, 14:27:23 (UTC+0100)
Type : Suppression Inode 58723994
Fichier :  /home/bacou/torrents/other/The Story of Adele H/trailer.avi
Date : lundi 7 décembre 2015, 14:27:23 (UTC+0100)
Type : Suppression du Dossier
Dossier : /home/bacou/torrents/other/The Story of Adele H
_______________________________________________________________________________________
Date : lundi 7 décembre 2015, 14:27:23 (UTC+0100)
Type : Suppression Inode 58852218
Fichier :  /home/bacou/torrents/other/Un soir avec...Le regard de Georges Brassens-doc-french-ripadsl-xvid-Filocamo/Un soir avec...Le regard de Georges Brassens-doc-french-ripadsl-xvid-Filocamo.avi
Date : lundi 7 décembre 2015, 14:27:23 (UTC+0100)
Type : Suppression Inode 58852219
Fichier :  /home/bacou/torrents/other/Un soir avec...Le regard de Georges Brassens-doc-french-ripadsl-xvid-Filocamo/Un soir avec....le regard de Georges Brassens.nfo
Date : lundi 7 décembre 2015, 14:27:23 (UTC+0100)
Type : Suppression du Dossier
Dossier : /home/bacou/torrents/other/Un soir avec...Le regard de Georges Brassens-doc-french-ripadsl-xvid-Filocamo
_______________________________________________________________________________________
Date : lundi 7 décembre 2015, 14:27:24 (UTC+0100)
Type : Suppression Inode 58721613
Fichier :  /home/laurent/torrents/movie/Lucy.2014.TrueFrench.BDrip.x264.AWte@m/Lucy.2014.TrueFrench.BDrip.x264.AWte@m.mkv
Date : lundi 7 décembre 2015, 14:27:24 (UTC+0100)
Type : Suppression Inode 58721612
Fichier :  /home/laurent/torrents/movie/Lucy.2014.TrueFrench.BDrip.x264.AWte@m/Lucy.2014.TrueFrench.BDrip.x264.AWte@m.nfo
Date : lundi 7 décembre 2015, 14:27:24 (UTC+0100)
Type : Suppression du Dossier
Dossier : /home/laurent/torrents/movie/Lucy.2014.TrueFrench.BDrip.x264.AWte@m
_______________________________________________________________________________________
_______________________________________________________________________________________
Date : lundi 7 décembre 2015, 14:27:24 (UTC+0100)
Type : Suppression du Dossier
Dossier : /home/laurent/torrents/movie/On.a Failli.Etre.Amies.2014.FRENCH.BRRIP.XviD-oo0oo
_______________________________________________________________________________________
lundi 7 décembre 2015, 14:27:24 (UTC+0100) : Traitement de la liste de fichiers/dossiers terminée.

